CRITICAL - 2023-04-29 16:41:20 --> Too few arguments to function App\Controllers\restEmpleado::average(), 0 passed in C:\xampp\htdocs\DesafioBeClever\system\CodeIgniter.php on line 934 and exactly 2 expected
in APPPATH\Controllers\restEmpleado.php on line 27.
 1 SYSTEMPATH\CodeIgniter.php(934): App\Controllers\restEmpleado->average()
 2 SYSTEMPATH\CodeIgniter.php(499): CodeIgniter\CodeIgniter->runController(Object(App\Controllers\restEmpleado))
 3 SYSTEMPATH\CodeIgniter.php(368): CodeIgniter\CodeIgniter->handleRequest(null, Object(Config\Cache), false)
 4 FCPATH\index.php(67): CodeIgniter\CodeIgniter->run()
CRITICAL - 2023-04-29 16:42:22 --> Too few arguments to function App\Controllers\restEmpleado::average(), 0 passed in C:\xampp\htdocs\DesafioBeClever\system\CodeIgniter.php on line 934 and exactly 2 expected
in APPPATH\Controllers\restEmpleado.php on line 27.
 1 SYSTEMPATH\CodeIgniter.php(934): App\Controllers\restEmpleado->average()
 2 SYSTEMPATH\CodeIgniter.php(499): CodeIgniter\CodeIgniter->runController(Object(App\Controllers\restEmpleado))
 3 SYSTEMPATH\CodeIgniter.php(368): CodeIgniter\CodeIgniter->handleRequest(null, Object(Config\Cache), false)
 4 FCPATH\index.php(67): CodeIgniter\CodeIgniter->run()
CRITICAL - 2023-04-29 16:42:28 --> Too few arguments to function App\Controllers\restEmpleado::average(), 0 passed in C:\xampp\htdocs\DesafioBeClever\system\CodeIgniter.php on line 934 and exactly 2 expected
in APPPATH\Controllers\restEmpleado.php on line 27.
 1 SYSTEMPATH\CodeIgniter.php(934): App\Controllers\restEmpleado->average()
 2 SYSTEMPATH\CodeIgniter.php(499): CodeIgniter\CodeIgniter->runController(Object(App\Controllers\restEmpleado))
 3 SYSTEMPATH\CodeIgniter.php(368): CodeIgniter\CodeIgniter->handleRequest(null, Object(Config\Cache), false)
 4 FCPATH\index.php(67): CodeIgniter\CodeIgniter->run()
CRITICAL - 2023-04-29 16:43:03 --> Too few arguments to function App\Controllers\restEmpleado::average(), 0 passed in C:\xampp\htdocs\DesafioBeClever\system\CodeIgniter.php on line 934 and exactly 2 expected
in APPPATH\Controllers\restEmpleado.php on line 27.
 1 SYSTEMPATH\CodeIgniter.php(934): App\Controllers\restEmpleado->average()
 2 SYSTEMPATH\CodeIgniter.php(499): CodeIgniter\CodeIgniter->runController(Object(App\Controllers\restEmpleado))
 3 SYSTEMPATH\CodeIgniter.php(368): CodeIgniter\CodeIgniter->handleRequest(null, Object(Config\Cache), false)
 4 FCPATH\index.php(67): CodeIgniter\CodeIgniter->run()
CRITICAL - 2023-04-29 16:43:26 --> Too few arguments to function App\Controllers\restEmpleado::average(), 0 passed in C:\xampp\htdocs\DesafioBeClever\system\CodeIgniter.php on line 934 and exactly 2 expected
in APPPATH\Controllers\restEmpleado.php on line 27.
 1 SYSTEMPATH\CodeIgniter.php(934): App\Controllers\restEmpleado->average()
 2 SYSTEMPATH\CodeIgniter.php(499): CodeIgniter\CodeIgniter->runController(Object(App\Controllers\restEmpleado))
 3 SYSTEMPATH\CodeIgniter.php(368): CodeIgniter\CodeIgniter->handleRequest(null, Object(Config\Cache), false)
 4 FCPATH\index.php(67): CodeIgniter\CodeIgniter->run()
CRITICAL - 2023-04-29 16:44:12 --> Too few arguments to function App\Controllers\restEmpleado::average(), 0 passed in C:\xampp\htdocs\DesafioBeClever\system\CodeIgniter.php on line 934 and exactly 2 expected
in APPPATH\Controllers\restEmpleado.php on line 27.
 1 SYSTEMPATH\CodeIgniter.php(934): App\Controllers\restEmpleado->average()
 2 SYSTEMPATH\CodeIgniter.php(499): CodeIgniter\CodeIgniter->runController(Object(App\Controllers\restEmpleado))
 3 SYSTEMPATH\CodeIgniter.php(368): CodeIgniter\CodeIgniter->handleRequest(null, Object(Config\Cache), false)
 4 FCPATH\index.php(67): CodeIgniter\CodeIgniter->run()
CRITICAL - 2023-04-29 17:24:46 --> Unmatched '}'
in APPPATH\Models\RegistroModel.php on line 22.
 1 SYSTEMPATH\Autoloader\Autoloader.php(289): CodeIgniter\Autoloader\Autoloader->includeFile('C:\\xampp\\htdocs\\DesafioBeClever\\app\\Models\\RegistroModel.php')
 2 SYSTEMPATH\Autoloader\Autoloader.php(267): CodeIgniter\Autoloader\Autoloader->loadInNamespace('App\\Models\\RegistroModel')
 3 APPPATH\Controllers\restEmpleado.php(16): CodeIgniter\Autoloader\Autoloader->loadClass('App\\Models\\RegistroModel')
 4 SYSTEMPATH\CodeIgniter.php(934): App\Controllers\restEmpleado->register()
 5 SYSTEMPATH\CodeIgniter.php(499): CodeIgniter\CodeIgniter->runController(Object(App\Controllers\restEmpleado))
 6 SYSTEMPATH\CodeIgniter.php(368): CodeIgniter\CodeIgniter->handleRequest(null, Object(Config\Cache), false)
 7 FCPATH\index.php(67): CodeIgniter\CodeIgniter->run()
ERROR - 2023-04-29 17:25:19 --> mysqli_sql_exception: Cannot add or update a child row: a foreign key constraint fails (`desafiobeclever`.`registros`, CONSTRAINT `registros_ibfk_1` FOREIGN KEY (`CodigoEmpleado`) REFERENCES `empleados` (`Codigo`)) in C:\xampp\htdocs\DesafioBeClever\system\Database\MySQLi\Connection.php:295
Stack trace:
#0 C:\xampp\htdocs\DesafioBeClever\system\Database\MySQLi\Connection.php(295): mysqli->query('INSERT INTO `re...', 0)
#1 C:\xampp\htdocs\DesafioBeClever\system\Database\BaseConnection.php(692): CodeIgniter\Database\MySQLi\Connection->execute('INSERT INTO `re...')
#2 C:\xampp\htdocs\DesafioBeClever\system\Database\BaseConnection.php(606): CodeIgniter\Database\BaseConnection->simpleQuery('INSERT INTO `re...')
#3 C:\xampp\htdocs\DesafioBeClever\system\Database\BaseBuilder.php(2309): CodeIgniter\Database\BaseConnection->query('INSERT INTO `re...', Array, false)
#4 C:\xampp\htdocs\DesafioBeClever\system\Model.php(330): CodeIgniter\Database\BaseBuilder->insert()
#5 C:\xampp\htdocs\DesafioBeClever\system\BaseModel.php(782): CodeIgniter\Model->doInsert(Array)
#6 C:\xampp\htdocs\DesafioBeClever\system\Model.php(730): CodeIgniter\BaseModel->insert(Array, true)
#7 C:\xampp\htdocs\DesafioBeClever\app\Controllers\restEmpleado.php(31): CodeIgniter\Model->insert(Array)
#8 C:\xampp\htdocs\DesafioBeClever\system\CodeIgniter.php(934): App\Controllers\restEmpleado->register()
#9 C:\xampp\htdocs\DesafioBeClever\system\CodeIgniter.php(499): CodeIgniter\CodeIgniter->runController(Object(App\Controllers\restEmpleado))
#10 C:\xampp\htdocs\DesafioBeClever\system\CodeIgniter.php(368): CodeIgniter\CodeIgniter->handleRequest(NULL, Object(Config\Cache), false)
#11 C:\xampp\htdocs\DesafioBeClever\index.php(67): CodeIgniter\CodeIgniter->run()
#12 {main}
CRITICAL - 2023-04-29 17:25:19 --> Cannot add or update a child row: a foreign key constraint fails (`desafiobeclever`.`registros`, CONSTRAINT `registros_ibfk_1` FOREIGN KEY (`CodigoEmpleado`) REFERENCES `empleados` (`Codigo`))
in SYSTEMPATH\Database\MySQLi\Connection.php on line 295.
 1 SYSTEMPATH\Database\MySQLi\Connection.php(295): mysqli->query('INSERT INTO `registros` (`Fecha`) VALUES (\'27-05-2023\')', 0)
 2 SYSTEMPATH\Database\BaseConnection.php(692): CodeIgniter\Database\MySQLi\Connection->execute('INSERT INTO `registros` (`Fecha`) VALUES (\'27-05-2023\')')
 3 SYSTEMPATH\Database\BaseConnection.php(606): CodeIgniter\Database\BaseConnection->simpleQuery('INSERT INTO `registros` (`Fecha`) VALUES (\'27-05-2023\')')
 4 SYSTEMPATH\Database\BaseBuilder.php(2309): CodeIgniter\Database\BaseConnection->query('INSERT INTO `registros` (`Fecha`) VALUES (:Fecha:)', [...], false)
 5 SYSTEMPATH\Model.php(330): CodeIgniter\Database\BaseBuilder->insert()
 6 SYSTEMPATH\BaseModel.php(782): CodeIgniter\Model->doInsert([...])
 7 SYSTEMPATH\Model.php(730): CodeIgniter\BaseModel->insert([...], true)
 8 APPPATH\Controllers\restEmpleado.php(31): CodeIgniter\Model->insert([...])
 9 SYSTEMPATH\CodeIgniter.php(934): App\Controllers\restEmpleado->register()
10 SYSTEMPATH\CodeIgniter.php(499): CodeIgniter\CodeIgniter->runController(Object(App\Controllers\restEmpleado))
11 SYSTEMPATH\CodeIgniter.php(368): CodeIgniter\CodeIgniter->handleRequest(null, Object(Config\Cache), false)
12 FCPATH\index.php(67): CodeIgniter\CodeIgniter->run()
ERROR - 2023-04-29 17:25:51 --> mysqli_sql_exception: Cannot add or update a child row: a foreign key constraint fails (`desafiobeclever`.`registros`, CONSTRAINT `registros_ibfk_1` FOREIGN KEY (`CodigoEmpleado`) REFERENCES `empleados` (`Codigo`)) in C:\xampp\htdocs\DesafioBeClever\system\Database\MySQLi\Connection.php:295
Stack trace:
#0 C:\xampp\htdocs\DesafioBeClever\system\Database\MySQLi\Connection.php(295): mysqli->query('INSERT INTO `re...', 0)
#1 C:\xampp\htdocs\DesafioBeClever\system\Database\BaseConnection.php(692): CodeIgniter\Database\MySQLi\Connection->execute('INSERT INTO `re...')
#2 C:\xampp\htdocs\DesafioBeClever\system\Database\BaseConnection.php(606): CodeIgniter\Database\BaseConnection->simpleQuery('INSERT INTO `re...')
#3 C:\xampp\htdocs\DesafioBeClever\system\Database\BaseBuilder.php(2309): CodeIgniter\Database\BaseConnection->query('INSERT INTO `re...', Array, false)
#4 C:\xampp\htdocs\DesafioBeClever\system\Model.php(330): CodeIgniter\Database\BaseBuilder->insert()
#5 C:\xampp\htdocs\DesafioBeClever\system\BaseModel.php(782): CodeIgniter\Model->doInsert(Array)
#6 C:\xampp\htdocs\DesafioBeClever\system\Model.php(730): CodeIgniter\BaseModel->insert(Array, true)
#7 C:\xampp\htdocs\DesafioBeClever\app\Controllers\restEmpleado.php(31): CodeIgniter\Model->insert(Array)
#8 C:\xampp\htdocs\DesafioBeClever\system\CodeIgniter.php(934): App\Controllers\restEmpleado->register()
#9 C:\xampp\htdocs\DesafioBeClever\system\CodeIgniter.php(499): CodeIgniter\CodeIgniter->runController(Object(App\Controllers\restEmpleado))
#10 C:\xampp\htdocs\DesafioBeClever\system\CodeIgniter.php(368): CodeIgniter\CodeIgniter->handleRequest(NULL, Object(Config\Cache), false)
#11 C:\xampp\htdocs\DesafioBeClever\index.php(67): CodeIgniter\CodeIgniter->run()
#12 {main}
CRITICAL - 2023-04-29 17:25:51 --> Cannot add or update a child row: a foreign key constraint fails (`desafiobeclever`.`registros`, CONSTRAINT `registros_ibfk_1` FOREIGN KEY (`CodigoEmpleado`) REFERENCES `empleados` (`Codigo`))
in SYSTEMPATH\Database\MySQLi\Connection.php on line 295.
 1 SYSTEMPATH\Database\MySQLi\Connection.php(295): mysqli->query('INSERT INTO `registros` (`Fecha`) VALUES (\'27-05-2023\')', 0)
 2 SYSTEMPATH\Database\BaseConnection.php(692): CodeIgniter\Database\MySQLi\Connection->execute('INSERT INTO `registros` (`Fecha`) VALUES (\'27-05-2023\')')
 3 SYSTEMPATH\Database\BaseConnection.php(606): CodeIgniter\Database\BaseConnection->simpleQuery('INSERT INTO `registros` (`Fecha`) VALUES (\'27-05-2023\')')
 4 SYSTEMPATH\Database\BaseBuilder.php(2309): CodeIgniter\Database\BaseConnection->query('INSERT INTO `registros` (`Fecha`) VALUES (:Fecha:)', [...], false)
 5 SYSTEMPATH\Model.php(330): CodeIgniter\Database\BaseBuilder->insert()
 6 SYSTEMPATH\BaseModel.php(782): CodeIgniter\Model->doInsert([...])
 7 SYSTEMPATH\Model.php(730): CodeIgniter\BaseModel->insert([...], true)
 8 APPPATH\Controllers\restEmpleado.php(31): CodeIgniter\Model->insert([...])
 9 SYSTEMPATH\CodeIgniter.php(934): App\Controllers\restEmpleado->register()
10 SYSTEMPATH\CodeIgniter.php(499): CodeIgniter\CodeIgniter->runController(Object(App\Controllers\restEmpleado))
11 SYSTEMPATH\CodeIgniter.php(368): CodeIgniter\CodeIgniter->handleRequest(null, Object(Config\Cache), false)
12 FCPATH\index.php(67): CodeIgniter\CodeIgniter->run()
ERROR - 2023-04-29 17:30:12 --> mysqli_sql_exception: Cannot add or update a child row: a foreign key constraint fails (`desafiobeclever`.`registros`, CONSTRAINT `registros_ibfk_1` FOREIGN KEY (`CodigoEmpleado`) REFERENCES `empleados` (`Codigo`)) in C:\xampp\htdocs\DesafioBeClever\system\Database\MySQLi\Connection.php:295
Stack trace:
#0 C:\xampp\htdocs\DesafioBeClever\system\Database\MySQLi\Connection.php(295): mysqli->query('INSERT INTO `re...', 0)
#1 C:\xampp\htdocs\DesafioBeClever\system\Database\BaseConnection.php(692): CodeIgniter\Database\MySQLi\Connection->execute('INSERT INTO `re...')
#2 C:\xampp\htdocs\DesafioBeClever\system\Database\BaseConnection.php(606): CodeIgniter\Database\BaseConnection->simpleQuery('INSERT INTO `re...')
#3 C:\xampp\htdocs\DesafioBeClever\system\Database\BaseBuilder.php(2309): CodeIgniter\Database\BaseConnection->query('INSERT INTO `re...', Array, false)
#4 C:\xampp\htdocs\DesafioBeClever\system\Model.php(330): CodeIgniter\Database\BaseBuilder->insert()
#5 C:\xampp\htdocs\DesafioBeClever\system\BaseModel.php(782): CodeIgniter\Model->doInsert(Array)
#6 C:\xampp\htdocs\DesafioBeClever\system\Model.php(730): CodeIgniter\BaseModel->insert(Array, true)
#7 C:\xampp\htdocs\DesafioBeClever\app\Controllers\restEmpleado.php(31): CodeIgniter\Model->insert(Array)
#8 C:\xampp\htdocs\DesafioBeClever\system\CodeIgniter.php(934): App\Controllers\restEmpleado->register()
#9 C:\xampp\htdocs\DesafioBeClever\system\CodeIgniter.php(499): CodeIgniter\CodeIgniter->runController(Object(App\Controllers\restEmpleado))
#10 C:\xampp\htdocs\DesafioBeClever\system\CodeIgniter.php(368): CodeIgniter\CodeIgniter->handleRequest(NULL, Object(Config\Cache), false)
#11 C:\xampp\htdocs\DesafioBeClever\index.php(67): CodeIgniter\CodeIgniter->run()
#12 {main}
CRITICAL - 2023-04-29 17:30:12 --> Cannot add or update a child row: a foreign key constraint fails (`desafiobeclever`.`registros`, CONSTRAINT `registros_ibfk_1` FOREIGN KEY (`CodigoEmpleado`) REFERENCES `empleados` (`Codigo`))
in SYSTEMPATH\Database\MySQLi\Connection.php on line 295.
 1 SYSTEMPATH\Database\MySQLi\Connection.php(295): mysqli->query('INSERT INTO `registros` (`Fecha`) VALUES (\'27-05-2023\')', 0)
 2 SYSTEMPATH\Database\BaseConnection.php(692): CodeIgniter\Database\MySQLi\Connection->execute('INSERT INTO `registros` (`Fecha`) VALUES (\'27-05-2023\')')
 3 SYSTEMPATH\Database\BaseConnection.php(606): CodeIgniter\Database\BaseConnection->simpleQuery('INSERT INTO `registros` (`Fecha`) VALUES (\'27-05-2023\')')
 4 SYSTEMPATH\Database\BaseBuilder.php(2309): CodeIgniter\Database\BaseConnection->query('INSERT INTO `registros` (`Fecha`) VALUES (:Fecha:)', [...], false)
 5 SYSTEMPATH\Model.php(330): CodeIgniter\Database\BaseBuilder->insert()
 6 SYSTEMPATH\BaseModel.php(782): CodeIgniter\Model->doInsert([...])
 7 SYSTEMPATH\Model.php(730): CodeIgniter\BaseModel->insert([...], true)
 8 APPPATH\Controllers\restEmpleado.php(31): CodeIgniter\Model->insert([...])
 9 SYSTEMPATH\CodeIgniter.php(934): App\Controllers\restEmpleado->register()
10 SYSTEMPATH\CodeIgniter.php(499): CodeIgniter\CodeIgniter->runController(Object(App\Controllers\restEmpleado))
11 SYSTEMPATH\CodeIgniter.php(368): CodeIgniter\CodeIgniter->handleRequest(null, Object(Config\Cache), false)
12 FCPATH\index.php(67): CodeIgniter\CodeIgniter->run()
CRITICAL - 2023-04-29 17:32:44 --> Object of class DateTime could not be converted to string
in APPPATH\Controllers\restEmpleado.php on line 26.
 1 SYSTEMPATH\CodeIgniter.php(934): App\Controllers\restEmpleado->register()
 2 SYSTEMPATH\CodeIgniter.php(499): CodeIgniter\CodeIgniter->runController(Object(App\Controllers\restEmpleado))
 3 SYSTEMPATH\CodeIgniter.php(368): CodeIgniter\CodeIgniter->handleRequest(null, Object(Config\Cache), false)
 4 FCPATH\index.php(67): CodeIgniter\CodeIgniter->run()
ERROR - 2023-04-29 19:50:18 --> mysqli_sql_exception: Cannot add or update a child row: a foreign key constraint fails (`desafiobeclever`.`registros`, CONSTRAINT `registros_ibfk_2` FOREIGN KEY (`CodigoTipoRegistro`) REFERENCES `tiporegistros` (`Codigo`)) in C:\xampp\htdocs\DesafioBeClever\system\Database\MySQLi\Connection.php:295
Stack trace:
#0 C:\xampp\htdocs\DesafioBeClever\system\Database\MySQLi\Connection.php(295): mysqli->query('INSERT INTO `re...', 0)
#1 C:\xampp\htdocs\DesafioBeClever\system\Database\BaseConnection.php(692): CodeIgniter\Database\MySQLi\Connection->execute('INSERT INTO `re...')
#2 C:\xampp\htdocs\DesafioBeClever\system\Database\BaseConnection.php(606): CodeIgniter\Database\BaseConnection->simpleQuery('INSERT INTO `re...')
#3 C:\xampp\htdocs\DesafioBeClever\system\Database\BaseBuilder.php(2309): CodeIgniter\Database\BaseConnection->query('INSERT INTO `re...', Array, false)
#4 C:\xampp\htdocs\DesafioBeClever\system\Model.php(330): CodeIgniter\Database\BaseBuilder->insert()
#5 C:\xampp\htdocs\DesafioBeClever\system\BaseModel.php(782): CodeIgniter\Model->doInsert(Array)
#6 C:\xampp\htdocs\DesafioBeClever\system\Model.php(730): CodeIgniter\BaseModel->insert(Array, true)
#7 C:\xampp\htdocs\DesafioBeClever\app\Controllers\restEmpleado.php(33): CodeIgniter\Model->insert(Array)
#8 C:\xampp\htdocs\DesafioBeClever\system\CodeIgniter.php(934): App\Controllers\restEmpleado->register()
#9 C:\xampp\htdocs\DesafioBeClever\system\CodeIgniter.php(499): CodeIgniter\CodeIgniter->runController(Object(App\Controllers\restEmpleado))
#10 C:\xampp\htdocs\DesafioBeClever\system\CodeIgniter.php(368): CodeIgniter\CodeIgniter->handleRequest(NULL, Object(Config\Cache), false)
#11 C:\xampp\htdocs\DesafioBeClever\index.php(67): CodeIgniter\CodeIgniter->run()
#12 {main}
CRITICAL - 2023-04-29 19:50:18 --> Cannot add or update a child row: a foreign key constraint fails (`desafiobeclever`.`registros`, CONSTRAINT `registros_ibfk_2` FOREIGN KEY (`CodigoTipoRegistro`) REFERENCES `tiporegistros` (`Codigo`))
in SYSTEMPATH\Database\MySQLi\Connection.php on line 295.
 1 SYSTEMPATH\Database\MySQLi\Connection.php(295): mysqli->query('INSERT INTO `registros` (`CodigoEmpleado`, `Fecha`) VALUES (\'1\', \'27-05-2023\')', 0)
 2 SYSTEMPATH\Database\BaseConnection.php(692): CodeIgniter\Database\MySQLi\Connection->execute('INSERT INTO `registros` (`CodigoEmpleado`, `Fecha`) VALUES (\'1\', \'27-05-2023\')')
 3 SYSTEMPATH\Database\BaseConnection.php(606): CodeIgniter\Database\BaseConnection->simpleQuery('INSERT INTO `registros` (`CodigoEmpleado`, `Fecha`) VALUES (\'1\', \'27-05-2023\')')
 4 SYSTEMPATH\Database\BaseBuilder.php(2309): CodeIgniter\Database\BaseConnection->query('INSERT INTO `registros` (`CodigoEmpleado`, `Fecha`) VALUES (:CodigoEmpleado:, :Fecha:)', [...], false)
 5 SYSTEMPATH\Model.php(330): CodeIgniter\Database\BaseBuilder->insert()
 6 SYSTEMPATH\BaseModel.php(782): CodeIgniter\Model->doInsert([...])
 7 SYSTEMPATH\Model.php(730): CodeIgniter\BaseModel->insert([...], true)
 8 APPPATH\Controllers\restEmpleado.php(33): CodeIgniter\Model->insert([...])
 9 SYSTEMPATH\CodeIgniter.php(934): App\Controllers\restEmpleado->register()
10 SYSTEMPATH\CodeIgniter.php(499): CodeIgniter\CodeIgniter->runController(Object(App\Controllers\restEmpleado))
11 SYSTEMPATH\CodeIgniter.php(368): CodeIgniter\CodeIgniter->handleRequest(null, Object(Config\Cache), false)
12 FCPATH\index.php(67): CodeIgniter\CodeIgniter->run()
ERROR - 2023-04-29 19:51:13 --> mysqli_sql_exception: Cannot add or update a child row: a foreign key constraint fails (`desafiobeclever`.`registros`, CONSTRAINT `registros_ibfk_2` FOREIGN KEY (`CodigoTipoRegistro`) REFERENCES `tiporegistros` (`Codigo`)) in C:\xampp\htdocs\DesafioBeClever\system\Database\MySQLi\Connection.php:295
Stack trace:
#0 C:\xampp\htdocs\DesafioBeClever\system\Database\MySQLi\Connection.php(295): mysqli->query('INSERT INTO `re...', 0)
#1 C:\xampp\htdocs\DesafioBeClever\system\Database\BaseConnection.php(692): CodeIgniter\Database\MySQLi\Connection->execute('INSERT INTO `re...')
#2 C:\xampp\htdocs\DesafioBeClever\system\Database\BaseConnection.php(606): CodeIgniter\Database\BaseConnection->simpleQuery('INSERT INTO `re...')
#3 C:\xampp\htdocs\DesafioBeClever\system\Database\BaseBuilder.php(2309): CodeIgniter\Database\BaseConnection->query('INSERT INTO `re...', Array, false)
#4 C:\xampp\htdocs\DesafioBeClever\system\Model.php(330): CodeIgniter\Database\BaseBuilder->insert()
#5 C:\xampp\htdocs\DesafioBeClever\system\BaseModel.php(782): CodeIgniter\Model->doInsert(Array)
#6 C:\xampp\htdocs\DesafioBeClever\system\Model.php(730): CodeIgniter\BaseModel->insert(Array, true)
#7 C:\xampp\htdocs\DesafioBeClever\app\Controllers\restEmpleado.php(33): CodeIgniter\Model->insert(Array)
#8 C:\xampp\htdocs\DesafioBeClever\system\CodeIgniter.php(934): App\Controllers\restEmpleado->register()
#9 C:\xampp\htdocs\DesafioBeClever\system\CodeIgniter.php(499): CodeIgniter\CodeIgniter->runController(Object(App\Controllers\restEmpleado))
#10 C:\xampp\htdocs\DesafioBeClever\system\CodeIgniter.php(368): CodeIgniter\CodeIgniter->handleRequest(NULL, Object(Config\Cache), false)
#11 C:\xampp\htdocs\DesafioBeClever\index.php(67): CodeIgniter\CodeIgniter->run()
#12 {main}
CRITICAL - 2023-04-29 19:51:13 --> Cannot add or update a child row: a foreign key constraint fails (`desafiobeclever`.`registros`, CONSTRAINT `registros_ibfk_2` FOREIGN KEY (`CodigoTipoRegistro`) REFERENCES `tiporegistros` (`Codigo`))
in SYSTEMPATH\Database\MySQLi\Connection.php on line 295.
 1 SYSTEMPATH\Database\MySQLi\Connection.php(295): mysqli->query('INSERT INTO `registros` (`CodigoEmpleado`, `Fecha`) VALUES (\'1\', \'27-05-2023\')', 0)
 2 SYSTEMPATH\Database\BaseConnection.php(692): CodeIgniter\Database\MySQLi\Connection->execute('INSERT INTO `registros` (`CodigoEmpleado`, `Fecha`) VALUES (\'1\', \'27-05-2023\')')
 3 SYSTEMPATH\Database\BaseConnection.php(606): CodeIgniter\Database\BaseConnection->simpleQuery('INSERT INTO `registros` (`CodigoEmpleado`, `Fecha`) VALUES (\'1\', \'27-05-2023\')')
 4 SYSTEMPATH\Database\BaseBuilder.php(2309): CodeIgniter\Database\BaseConnection->query('INSERT INTO `registros` (`CodigoEmpleado`, `Fecha`) VALUES (:CodigoEmpleado:, :Fecha:)', [...], false)
 5 SYSTEMPATH\Model.php(330): CodeIgniter\Database\BaseBuilder->insert()
 6 SYSTEMPATH\BaseModel.php(782): CodeIgniter\Model->doInsert([...])
 7 SYSTEMPATH\Model.php(730): CodeIgniter\BaseModel->insert([...], true)
 8 APPPATH\Controllers\restEmpleado.php(33): CodeIgniter\Model->insert([...])
 9 SYSTEMPATH\CodeIgniter.php(934): App\Controllers\restEmpleado->register()
10 SYSTEMPATH\CodeIgniter.php(499): CodeIgniter\CodeIgniter->runController(Object(App\Controllers\restEmpleado))
11 SYSTEMPATH\CodeIgniter.php(368): CodeIgniter\CodeIgniter->handleRequest(null, Object(Config\Cache), false)
12 FCPATH\index.php(67): CodeIgniter\CodeIgniter->run()
ERROR - 2023-04-29 19:51:20 --> mysqli_sql_exception: Cannot add or update a child row: a foreign key constraint fails (`desafiobeclever`.`registros`, CONSTRAINT `registros_ibfk_2` FOREIGN KEY (`CodigoTipoRegistro`) REFERENCES `tiporegistros` (`Codigo`)) in C:\xampp\htdocs\DesafioBeClever\system\Database\MySQLi\Connection.php:295
Stack trace:
#0 C:\xampp\htdocs\DesafioBeClever\system\Database\MySQLi\Connection.php(295): mysqli->query('INSERT INTO `re...', 0)
#1 C:\xampp\htdocs\DesafioBeClever\system\Database\BaseConnection.php(692): CodeIgniter\Database\MySQLi\Connection->execute('INSERT INTO `re...')
#2 C:\xampp\htdocs\DesafioBeClever\system\Database\BaseConnection.php(606): CodeIgniter\Database\BaseConnection->simpleQuery('INSERT INTO `re...')
#3 C:\xampp\htdocs\DesafioBeClever\system\Database\BaseBuilder.php(2309): CodeIgniter\Database\BaseConnection->query('INSERT INTO `re...', Array, false)
#4 C:\xampp\htdocs\DesafioBeClever\system\Model.php(330): CodeIgniter\Database\BaseBuilder->insert()
#5 C:\xampp\htdocs\DesafioBeClever\system\BaseModel.php(782): CodeIgniter\Model->doInsert(Array)
#6 C:\xampp\htdocs\DesafioBeClever\system\Model.php(730): CodeIgniter\BaseModel->insert(Array, true)
#7 C:\xampp\htdocs\DesafioBeClever\app\Controllers\restEmpleado.php(33): CodeIgniter\Model->insert(Array)
#8 C:\xampp\htdocs\DesafioBeClever\system\CodeIgniter.php(934): App\Controllers\restEmpleado->register()
#9 C:\xampp\htdocs\DesafioBeClever\system\CodeIgniter.php(499): CodeIgniter\CodeIgniter->runController(Object(App\Controllers\restEmpleado))
#10 C:\xampp\htdocs\DesafioBeClever\system\CodeIgniter.php(368): CodeIgniter\CodeIgniter->handleRequest(NULL, Object(Config\Cache), false)
#11 C:\xampp\htdocs\DesafioBeClever\index.php(67): CodeIgniter\CodeIgniter->run()
#12 {main}
CRITICAL - 2023-04-29 19:51:20 --> Cannot add or update a child row: a foreign key constraint fails (`desafiobeclever`.`registros`, CONSTRAINT `registros_ibfk_2` FOREIGN KEY (`CodigoTipoRegistro`) REFERENCES `tiporegistros` (`Codigo`))
in SYSTEMPATH\Database\MySQLi\Connection.php on line 295.
 1 SYSTEMPATH\Database\MySQLi\Connection.php(295): mysqli->query('INSERT INTO `registros` (`CodigoEmpleado`, `Fecha`) VALUES (\'1\', \'27-05-2023\')', 0)
 2 SYSTEMPATH\Database\BaseConnection.php(692): CodeIgniter\Database\MySQLi\Connection->execute('INSERT INTO `registros` (`CodigoEmpleado`, `Fecha`) VALUES (\'1\', \'27-05-2023\')')
 3 SYSTEMPATH\Database\BaseConnection.php(606): CodeIgniter\Database\BaseConnection->simpleQuery('INSERT INTO `registros` (`CodigoEmpleado`, `Fecha`) VALUES (\'1\', \'27-05-2023\')')
 4 SYSTEMPATH\Database\BaseBuilder.php(2309): CodeIgniter\Database\BaseConnection->query('INSERT INTO `registros` (`CodigoEmpleado`, `Fecha`) VALUES (:CodigoEmpleado:, :Fecha:)', [...], false)
 5 SYSTEMPATH\Model.php(330): CodeIgniter\Database\BaseBuilder->insert()
 6 SYSTEMPATH\BaseModel.php(782): CodeIgniter\Model->doInsert([...])
 7 SYSTEMPATH\Model.php(730): CodeIgniter\BaseModel->insert([...], true)
 8 APPPATH\Controllers\restEmpleado.php(33): CodeIgniter\Model->insert([...])
 9 SYSTEMPATH\CodeIgniter.php(934): App\Controllers\restEmpleado->register()
10 SYSTEMPATH\CodeIgniter.php(499): CodeIgniter\CodeIgniter->runController(Object(App\Controllers\restEmpleado))
11 SYSTEMPATH\CodeIgniter.php(368): CodeIgniter\CodeIgniter->handleRequest(null, Object(Config\Cache), false)
12 FCPATH\index.php(67): CodeIgniter\CodeIgniter->run()
ERROR - 2023-04-29 19:52:14 --> mysqli_sql_exception: Cannot add or update a child row: a foreign key constraint fails (`desafiobeclever`.`registros`, CONSTRAINT `registros_ibfk_2` FOREIGN KEY (`CodigoTipoRegistro`) REFERENCES `tiporegistros` (`Codigo`)) in C:\xampp\htdocs\DesafioBeClever\system\Database\MySQLi\Connection.php:295
Stack trace:
#0 C:\xampp\htdocs\DesafioBeClever\system\Database\MySQLi\Connection.php(295): mysqli->query('INSERT INTO `re...', 0)
#1 C:\xampp\htdocs\DesafioBeClever\system\Database\BaseConnection.php(692): CodeIgniter\Database\MySQLi\Connection->execute('INSERT INTO `re...')
#2 C:\xampp\htdocs\DesafioBeClever\system\Database\BaseConnection.php(606): CodeIgniter\Database\BaseConnection->simpleQuery('INSERT INTO `re...')
#3 C:\xampp\htdocs\DesafioBeClever\system\Database\BaseBuilder.php(2309): CodeIgniter\Database\BaseConnection->query('INSERT INTO `re...', Array, false)
#4 C:\xampp\htdocs\DesafioBeClever\system\Model.php(330): CodeIgniter\Database\BaseBuilder->insert()
#5 C:\xampp\htdocs\DesafioBeClever\system\BaseModel.php(782): CodeIgniter\Model->doInsert(Array)
#6 C:\xampp\htdocs\DesafioBeClever\system\Model.php(730): CodeIgniter\BaseModel->insert(Array, true)
#7 C:\xampp\htdocs\DesafioBeClever\app\Controllers\restEmpleado.php(33): CodeIgniter\Model->insert(Array)
#8 C:\xampp\htdocs\DesafioBeClever\system\CodeIgniter.php(934): App\Controllers\restEmpleado->register()
#9 C:\xampp\htdocs\DesafioBeClever\system\CodeIgniter.php(499): CodeIgniter\CodeIgniter->runController(Object(App\Controllers\restEmpleado))
#10 C:\xampp\htdocs\DesafioBeClever\system\CodeIgniter.php(368): CodeIgniter\CodeIgniter->handleRequest(NULL, Object(Config\Cache), false)
#11 C:\xampp\htdocs\DesafioBeClever\index.php(67): CodeIgniter\CodeIgniter->run()
#12 {main}
CRITICAL - 2023-04-29 19:52:14 --> Cannot add or update a child row: a foreign key constraint fails (`desafiobeclever`.`registros`, CONSTRAINT `registros_ibfk_2` FOREIGN KEY (`CodigoTipoRegistro`) REFERENCES `tiporegistros` (`Codigo`))
in SYSTEMPATH\Database\MySQLi\Connection.php on line 295.
 1 SYSTEMPATH\Database\MySQLi\Connection.php(295): mysqli->query('INSERT INTO `registros` (`CodigoEmpleado`, `Fecha`) VALUES (\'1\', \'27-05-2023\')', 0)
 2 SYSTEMPATH\Database\BaseConnection.php(692): CodeIgniter\Database\MySQLi\Connection->execute('INSERT INTO `registros` (`CodigoEmpleado`, `Fecha`) VALUES (\'1\', \'27-05-2023\')')
 3 SYSTEMPATH\Database\BaseConnection.php(606): CodeIgniter\Database\BaseConnection->simpleQuery('INSERT INTO `registros` (`CodigoEmpleado`, `Fecha`) VALUES (\'1\', \'27-05-2023\')')
 4 SYSTEMPATH\Database\BaseBuilder.php(2309): CodeIgniter\Database\BaseConnection->query('INSERT INTO `registros` (`CodigoEmpleado`, `Fecha`) VALUES (:CodigoEmpleado:, :Fecha:)', [...], false)
 5 SYSTEMPATH\Model.php(330): CodeIgniter\Database\BaseBuilder->insert()
 6 SYSTEMPATH\BaseModel.php(782): CodeIgniter\Model->doInsert([...])
 7 SYSTEMPATH\Model.php(730): CodeIgniter\BaseModel->insert([...], true)
 8 APPPATH\Controllers\restEmpleado.php(33): CodeIgniter\Model->insert([...])
 9 SYSTEMPATH\CodeIgniter.php(934): App\Controllers\restEmpleado->register()
10 SYSTEMPATH\CodeIgniter.php(499): CodeIgniter\CodeIgniter->runController(Object(App\Controllers\restEmpleado))
11 SYSTEMPATH\CodeIgniter.php(368): CodeIgniter\CodeIgniter->handleRequest(null, Object(Config\Cache), false)
12 FCPATH\index.php(67): CodeIgniter\CodeIgniter->run()
ERROR - 2023-04-29 19:52:37 --> mysqli_sql_exception: Cannot add or update a child row: a foreign key constraint fails (`desafiobeclever`.`registros`, CONSTRAINT `registros_ibfk_2` FOREIGN KEY (`CodigoTipoRegistro`) REFERENCES `tiporegistros` (`Codigo`)) in C:\xampp\htdocs\DesafioBeClever\system\Database\MySQLi\Connection.php:295
Stack trace:
#0 C:\xampp\htdocs\DesafioBeClever\system\Database\MySQLi\Connection.php(295): mysqli->query('INSERT INTO `re...', 0)
#1 C:\xampp\htdocs\DesafioBeClever\system\Database\BaseConnection.php(692): CodeIgniter\Database\MySQLi\Connection->execute('INSERT INTO `re...')
#2 C:\xampp\htdocs\DesafioBeClever\system\Database\BaseConnection.php(606): CodeIgniter\Database\BaseConnection->simpleQuery('INSERT INTO `re...')
#3 C:\xampp\htdocs\DesafioBeClever\system\Database\BaseBuilder.php(2309): CodeIgniter\Database\BaseConnection->query('INSERT INTO `re...', Array, false)
#4 C:\xampp\htdocs\DesafioBeClever\system\Model.php(330): CodeIgniter\Database\BaseBuilder->insert()
#5 C:\xampp\htdocs\DesafioBeClever\system\BaseModel.php(782): CodeIgniter\Model->doInsert(Array)
#6 C:\xampp\htdocs\DesafioBeClever\system\Model.php(730): CodeIgniter\BaseModel->insert(Array, true)
#7 C:\xampp\htdocs\DesafioBeClever\app\Controllers\restEmpleado.php(33): CodeIgniter\Model->insert(Array)
#8 C:\xampp\htdocs\DesafioBeClever\system\CodeIgniter.php(934): App\Controllers\restEmpleado->register()
#9 C:\xampp\htdocs\DesafioBeClever\system\CodeIgniter.php(499): CodeIgniter\CodeIgniter->runController(Object(App\Controllers\restEmpleado))
#10 C:\xampp\htdocs\DesafioBeClever\system\CodeIgniter.php(368): CodeIgniter\CodeIgniter->handleRequest(NULL, Object(Config\Cache), false)
#11 C:\xampp\htdocs\DesafioBeClever\index.php(67): CodeIgniter\CodeIgniter->run()
#12 {main}
CRITICAL - 2023-04-29 19:52:37 --> Cannot add or update a child row: a foreign key constraint fails (`desafiobeclever`.`registros`, CONSTRAINT `registros_ibfk_2` FOREIGN KEY (`CodigoTipoRegistro`) REFERENCES `tiporegistros` (`Codigo`))
in SYSTEMPATH\Database\MySQLi\Connection.php on line 295.
 1 SYSTEMPATH\Database\MySQLi\Connection.php(295): mysqli->query('INSERT INTO `registros` (`CodigoEmpleado`, `Fecha`) VALUES (\'1\', \'27-05-2023\')', 0)
 2 SYSTEMPATH\Database\BaseConnection.php(692): CodeIgniter\Database\MySQLi\Connection->execute('INSERT INTO `registros` (`CodigoEmpleado`, `Fecha`) VALUES (\'1\', \'27-05-2023\')')
 3 SYSTEMPATH\Database\BaseConnection.php(606): CodeIgniter\Database\BaseConnection->simpleQuery('INSERT INTO `registros` (`CodigoEmpleado`, `Fecha`) VALUES (\'1\', \'27-05-2023\')')
 4 SYSTEMPATH\Database\BaseBuilder.php(2309): CodeIgniter\Database\BaseConnection->query('INSERT INTO `registros` (`CodigoEmpleado`, `Fecha`) VALUES (:CodigoEmpleado:, :Fecha:)', [...], false)
 5 SYSTEMPATH\Model.php(330): CodeIgniter\Database\BaseBuilder->insert()
 6 SYSTEMPATH\BaseModel.php(782): CodeIgniter\Model->doInsert([...])
 7 SYSTEMPATH\Model.php(730): CodeIgniter\BaseModel->insert([...], true)
 8 APPPATH\Controllers\restEmpleado.php(33): CodeIgniter\Model->insert([...])
 9 SYSTEMPATH\CodeIgniter.php(934): App\Controllers\restEmpleado->register()
10 SYSTEMPATH\CodeIgniter.php(499): CodeIgniter\CodeIgniter->runController(Object(App\Controllers\restEmpleado))
11 SYSTEMPATH\CodeIgniter.php(368): CodeIgniter\CodeIgniter->handleRequest(null, Object(Config\Cache), false)
12 FCPATH\index.php(67): CodeIgniter\CodeIgniter->run()
CRITICAL - 2023-04-29 19:59:42 --> Object of class DateTime could not be converted to string
in SYSTEMPATH\Database\Query.php on line 335.
 1 SYSTEMPATH\Database\Query.php(335): strtr('INSERT INTO `registros` (`CodigoEmpleado`, `Fecha`, `CodigoTipoRegistro`) VALUES (:CodigoEmpleado:, :Fecha:, :CodigoTipoRegistro:)', [...])
 2 SYSTEMPATH\Database\Query.php(310): CodeIgniter\Database\Query->matchNamedBinds('INSERT INTO `registros` (`CodigoEmpleado`, `Fecha`, `CodigoTipoRegistro`) VALUES (:CodigoEmpleado:, :Fecha:, :CodigoTipoRegistro:)', [...])
 3 SYSTEMPATH\Database\Query.php(159): CodeIgniter\Database\Query->compileBinds()
 4 SYSTEMPATH\Database\BaseConnection.php(606): CodeIgniter\Database\Query->getQuery()
 5 SYSTEMPATH\Database\BaseBuilder.php(2309): CodeIgniter\Database\BaseConnection->query('INSERT INTO `registros` (`CodigoEmpleado`, `Fecha`, `CodigoTipoRegistro`) VALUES (:CodigoEmpleado:, :Fecha:, :CodigoTipoRegistro:)', [...], false)
 6 SYSTEMPATH\Model.php(330): CodeIgniter\Database\BaseBuilder->insert()
 7 SYSTEMPATH\BaseModel.php(782): CodeIgniter\Model->doInsert([...])
 8 SYSTEMPATH\Model.php(730): CodeIgniter\BaseModel->insert([...], true)
 9 APPPATH\Controllers\restEmpleado.php(33): CodeIgniter\Model->insert([...])
10 SYSTEMPATH\CodeIgniter.php(934): App\Controllers\restEmpleado->register()
11 SYSTEMPATH\CodeIgniter.php(499): CodeIgniter\CodeIgniter->runController(Object(App\Controllers\restEmpleado))
12 SYSTEMPATH\CodeIgniter.php(368): CodeIgniter\CodeIgniter->handleRequest(null, Object(Config\Cache), false)
13 FCPATH\index.php(67): CodeIgniter\CodeIgniter->run()
WARNING - 2023-04-29 20:02:25 --> [DEPRECATED] Function strftime() is deprecated in APPPATH\Controllers\restEmpleado.php on line 26.
 1 SYSTEMPATH\CodeIgniter.php(934): App\Controllers\restEmpleado->register()
 2 SYSTEMPATH\CodeIgniter.php(499): CodeIgniter\CodeIgniter->runController(Object(App\Controllers\restEmpleado))
 3 SYSTEMPATH\CodeIgniter.php(368): CodeIgniter\CodeIgniter->handleRequest(null, Object(Config\Cache), false)
 4 FCPATH\index.php(67): CodeIgniter\CodeIgniter->run()
CRITICAL - 2023-04-29 20:02:25 --> Object of class DateTime could not be converted to string
in APPPATH\Controllers\restEmpleado.php on line 26.
 1 SYSTEMPATH\CodeIgniter.php(934): App\Controllers\restEmpleado->register()
 2 SYSTEMPATH\CodeIgniter.php(499): CodeIgniter\CodeIgniter->runController(Object(App\Controllers\restEmpleado))
 3 SYSTEMPATH\CodeIgniter.php(368): CodeIgniter\CodeIgniter->handleRequest(null, Object(Config\Cache), false)
 4 FCPATH\index.php(67): CodeIgniter\CodeIgniter->run()
ERROR - 2023-04-29 20:17:06 --> mysqli_sql_exception: Cannot add or update a child row: a foreign key constraint fails (`desafiobeclever`.`registros`, CONSTRAINT `registros_ibfk_2` FOREIGN KEY (`CodigoTipoRegistro`) REFERENCES `tiporegistros` (`Codigo`)) in C:\xampp\htdocs\DesafioBeClever\system\Database\MySQLi\Connection.php:295
Stack trace:
#0 C:\xampp\htdocs\DesafioBeClever\system\Database\MySQLi\Connection.php(295): mysqli->query('INSERT INTO `re...', 0)
#1 C:\xampp\htdocs\DesafioBeClever\system\Database\BaseConnection.php(692): CodeIgniter\Database\MySQLi\Connection->execute('INSERT INTO `re...')
#2 C:\xampp\htdocs\DesafioBeClever\system\Database\BaseConnection.php(606): CodeIgniter\Database\BaseConnection->simpleQuery('INSERT INTO `re...')
#3 C:\xampp\htdocs\DesafioBeClever\system\Database\BaseBuilder.php(2309): CodeIgniter\Database\BaseConnection->query('INSERT INTO `re...', Array, false)
#4 C:\xampp\htdocs\DesafioBeClever\system\Model.php(330): CodeIgniter\Database\BaseBuilder->insert()
#5 C:\xampp\htdocs\DesafioBeClever\system\BaseModel.php(782): CodeIgniter\Model->doInsert(Array)
#6 C:\xampp\htdocs\DesafioBeClever\system\Model.php(730): CodeIgniter\BaseModel->insert(Array, true)
#7 C:\xampp\htdocs\DesafioBeClever\app\Controllers\restEmpleado.php(39): CodeIgniter\Model->insert(Array)
#8 C:\xampp\htdocs\DesafioBeClever\system\CodeIgniter.php(934): App\Controllers\restEmpleado->register()
#9 C:\xampp\htdocs\DesafioBeClever\system\CodeIgniter.php(499): CodeIgniter\CodeIgniter->runController(Object(App\Controllers\restEmpleado))
#10 C:\xampp\htdocs\DesafioBeClever\system\CodeIgniter.php(368): CodeIgniter\CodeIgniter->handleRequest(NULL, Object(Config\Cache), false)
#11 C:\xampp\htdocs\DesafioBeClever\index.php(67): CodeIgniter\CodeIgniter->run()
#12 {main}
CRITICAL - 2023-04-29 20:17:06 --> Cannot add or update a child row: a foreign key constraint fails (`desafiobeclever`.`registros`, CONSTRAINT `registros_ibfk_2` FOREIGN KEY (`CodigoTipoRegistro`) REFERENCES `tiporegistros` (`Codigo`))
in SYSTEMPATH\Database\MySQLi\Connection.php on line 295.
 1 SYSTEMPATH\Database\MySQLi\Connection.php(295): mysqli->query('INSERT INTO `registros` (`CodigoEmpleado`, `Fecha`, `CodigoTipoRegistro`) VALUES (\'1\', \'2023-05-30\', \'ingreso\')', 0)
 2 SYSTEMPATH\Database\BaseConnection.php(692): CodeIgniter\Database\MySQLi\Connection->execute('INSERT INTO `registros` (`CodigoEmpleado`, `Fecha`, `CodigoTipoRegistro`) VALUES (\'1\', \'2023-05-30\', \'ingreso\')')
 3 SYSTEMPATH\Database\BaseConnection.php(606): CodeIgniter\Database\BaseConnection->simpleQuery('INSERT INTO `registros` (`CodigoEmpleado`, `Fecha`, `CodigoTipoRegistro`) VALUES (\'1\', \'2023-05-30\', \'ingreso\')')
 4 SYSTEMPATH\Database\BaseBuilder.php(2309): CodeIgniter\Database\BaseConnection->query('INSERT INTO `registros` (`CodigoEmpleado`, `Fecha`, `CodigoTipoRegistro`) VALUES (:CodigoEmpleado:, :Fecha:, :CodigoTipoRegistro:)', [...], false)
 5 SYSTEMPATH\Model.php(330): CodeIgniter\Database\BaseBuilder->insert()
 6 SYSTEMPATH\BaseModel.php(782): CodeIgniter\Model->doInsert([...])
 7 SYSTEMPATH\Model.php(730): CodeIgniter\BaseModel->insert([...], true)
 8 APPPATH\Controllers\restEmpleado.php(39): CodeIgniter\Model->insert([...])
 9 SYSTEMPATH\CodeIgniter.php(934): App\Controllers\restEmpleado->register()
10 SYSTEMPATH\CodeIgniter.php(499): CodeIgniter\CodeIgniter->runController(Object(App\Controllers\restEmpleado))
11 SYSTEMPATH\CodeIgniter.php(368): CodeIgniter\CodeIgniter->handleRequest(null, Object(Config\Cache), false)
12 FCPATH\index.php(67): CodeIgniter\CodeIgniter->run()
CRITICAL - 2023-04-29 20:18:21 --> Undefined variable $salio
in APPPATH\Controllers\restEmpleado.php on line 33.
 1 APPPATH\Controllers\restEmpleado.php(33): CodeIgniter\Debug\Exceptions->errorHandler(2, 'Undefined variable $salio', 'C:\\xampp\\htdocs\\DesafioBeClever\\app\\Controllers\\restEmpleado.php', 33)
 2 SYSTEMPATH\CodeIgniter.php(934): App\Controllers\restEmpleado->register()
 3 SYSTEMPATH\CodeIgniter.php(499): CodeIgniter\CodeIgniter->runController(Object(App\Controllers\restEmpleado))
 4 SYSTEMPATH\CodeIgniter.php(368): CodeIgniter\CodeIgniter->handleRequest(null, Object(Config\Cache), false)
 5 FCPATH\index.php(67): CodeIgniter\CodeIgniter->run()
ERROR - 2023-04-29 20:20:20 --> mysqli_sql_exception: Cannot add or update a child row: a foreign key constraint fails (`desafiobeclever`.`registros`, CONSTRAINT `registros_ibfk_2` FOREIGN KEY (`CodigoTipoRegistro`) REFERENCES `tiporegistros` (`Codigo`)) in C:\xampp\htdocs\DesafioBeClever\system\Database\MySQLi\Connection.php:295
Stack trace:
#0 C:\xampp\htdocs\DesafioBeClever\system\Database\MySQLi\Connection.php(295): mysqli->query('INSERT INTO `re...', 0)
#1 C:\xampp\htdocs\DesafioBeClever\system\Database\BaseConnection.php(692): CodeIgniter\Database\MySQLi\Connection->execute('INSERT INTO `re...')
#2 C:\xampp\htdocs\DesafioBeClever\system\Database\BaseConnection.php(606): CodeIgniter\Database\BaseConnection->simpleQuery('INSERT INTO `re...')
#3 C:\xampp\htdocs\DesafioBeClever\system\Database\BaseBuilder.php(2309): CodeIgniter\Database\BaseConnection->query('INSERT INTO `re...', Array, false)
#4 C:\xampp\htdocs\DesafioBeClever\system\Model.php(330): CodeIgniter\Database\BaseBuilder->insert()
#5 C:\xampp\htdocs\DesafioBeClever\system\BaseModel.php(782): CodeIgniter\Model->doInsert(Array)
#6 C:\xampp\htdocs\DesafioBeClever\system\Model.php(730): CodeIgniter\BaseModel->insert(Array, true)
#7 C:\xampp\htdocs\DesafioBeClever\app\Controllers\restEmpleado.php(39): CodeIgniter\Model->insert(Array)
#8 C:\xampp\htdocs\DesafioBeClever\system\CodeIgniter.php(934): App\Controllers\restEmpleado->register()
#9 C:\xampp\htdocs\DesafioBeClever\system\CodeIgniter.php(499): CodeIgniter\CodeIgniter->runController(Object(App\Controllers\restEmpleado))
#10 C:\xampp\htdocs\DesafioBeClever\system\CodeIgniter.php(368): CodeIgniter\CodeIgniter->handleRequest(NULL, Object(Config\Cache), false)
#11 C:\xampp\htdocs\DesafioBeClever\index.php(67): CodeIgniter\CodeIgniter->run()
#12 {main}
CRITICAL - 2023-04-29 20:20:20 --> Cannot add or update a child row: a foreign key constraint fails (`desafiobeclever`.`registros`, CONSTRAINT `registros_ibfk_2` FOREIGN KEY (`CodigoTipoRegistro`) REFERENCES `tiporegistros` (`Codigo`))
in SYSTEMPATH\Database\MySQLi\Connection.php on line 295.
 1 SYSTEMPATH\Database\MySQLi\Connection.php(295): mysqli->query('INSERT INTO `registros` (`CodigoEmpleado`, `Fecha`, `CodigoTipoRegistro`) VALUES (\'1\', \'2022-05-20\', \'ingreso\')', 0)
 2 SYSTEMPATH\Database\BaseConnection.php(692): CodeIgniter\Database\MySQLi\Connection->execute('INSERT INTO `registros` (`CodigoEmpleado`, `Fecha`, `CodigoTipoRegistro`) VALUES (\'1\', \'2022-05-20\', \'ingreso\')')
 3 SYSTEMPATH\Database\BaseConnection.php(606): CodeIgniter\Database\BaseConnection->simpleQuery('INSERT INTO `registros` (`CodigoEmpleado`, `Fecha`, `CodigoTipoRegistro`) VALUES (\'1\', \'2022-05-20\', \'ingreso\')')
 4 SYSTEMPATH\Database\BaseBuilder.php(2309): CodeIgniter\Database\BaseConnection->query('INSERT INTO `registros` (`CodigoEmpleado`, `Fecha`, `CodigoTipoRegistro`) VALUES (:CodigoEmpleado:, :Fecha:, :CodigoTipoRegistro:)', [...], false)
 5 SYSTEMPATH\Model.php(330): CodeIgniter\Database\BaseBuilder->insert()
 6 SYSTEMPATH\BaseModel.php(782): CodeIgniter\Model->doInsert([...])
 7 SYSTEMPATH\Model.php(730): CodeIgniter\BaseModel->insert([...], true)
 8 APPPATH\Controllers\restEmpleado.php(39): CodeIgniter\Model->insert([...])
 9 SYSTEMPATH\CodeIgniter.php(934): App\Controllers\restEmpleado->register()
10 SYSTEMPATH\CodeIgniter.php(499): CodeIgniter\CodeIgniter->runController(Object(App\Controllers\restEmpleado))
11 SYSTEMPATH\CodeIgniter.php(368): CodeIgniter\CodeIgniter->handleRequest(null, Object(Config\Cache), false)
12 FCPATH\index.php(67): CodeIgniter\CodeIgniter->run()
CRITICAL - 2023-04-29 20:36:34 --> Undefined variable $mujeres
in APPPATH\Controllers\restEmpleado.php on line 98.
 1 APPPATH\Controllers\restEmpleado.php(98): CodeIgniter\Debug\Exceptions->errorHandler(2, 'Undefined variable $mujeres', 'C:\\xampp\\htdocs\\DesafioBeClever\\app\\Controllers\\restEmpleado.php', 98)
 2 SYSTEMPATH\CodeIgniter.php(934): App\Controllers\restEmpleado->average('2023-04-27', '2023-05-29')
 3 SYSTEMPATH\CodeIgniter.php(499): CodeIgniter\CodeIgniter->runController(Object(App\Controllers\restEmpleado))
 4 SYSTEMPATH\CodeIgniter.php(368): CodeIgniter\CodeIgniter->handleRequest(null, Object(Config\Cache), false)
 5 FCPATH\index.php(67): CodeIgniter\CodeIgniter->run()
CRITICAL - 2023-04-29 20:38:14 --> Undefined variable $mujeres
in APPPATH\Controllers\restEmpleado.php on line 98.
 1 APPPATH\Controllers\restEmpleado.php(98): CodeIgniter\Debug\Exceptions->errorHandler(2, 'Undefined variable $mujeres', 'C:\\xampp\\htdocs\\DesafioBeClever\\app\\Controllers\\restEmpleado.php', 98)
 2 SYSTEMPATH\CodeIgniter.php(934): App\Controllers\restEmpleado->average('2023-04-27', '2023-05-29')
 3 SYSTEMPATH\CodeIgniter.php(499): CodeIgniter\CodeIgniter->runController(Object(App\Controllers\restEmpleado))
 4 SYSTEMPATH\CodeIgniter.php(368): CodeIgniter\CodeIgniter->handleRequest(null, Object(Config\Cache), false)
 5 FCPATH\index.php(67): CodeIgniter\CodeIgniter->run()
CRITICAL - 2023-04-29 20:55:47 --> Call to undefined method App\Controllers\restEmpleado::validarSede()
in APPPATH\Controllers\restEmpleado.php on line 43.
 1 SYSTEMPATH\CodeIgniter.php(934): App\Controllers\restEmpleado->register()
 2 SYSTEMPATH\CodeIgniter.php(499): CodeIgniter\CodeIgniter->runController(Object(App\Controllers\restEmpleado))
 3 SYSTEMPATH\CodeIgniter.php(368): CodeIgniter\CodeIgniter->handleRequest(null, Object(Config\Cache), false)
 4 FCPATH\index.php(67): CodeIgniter\CodeIgniter->run()
CRITICAL - 2023-04-29 21:02:56 --> syntax error, unexpected token "foreach"
in APPPATH\Controllers\restEmpleado.php on line 69.
 1 SYSTEMPATH\Autoloader\Autoloader.php(289): CodeIgniter\Autoloader\Autoloader->includeFile('C:\\xampp\\htdocs\\DesafioBeClever\\app\\Controllers\\restEmpleado.php')
 2 SYSTEMPATH\Autoloader\Autoloader.php(267): CodeIgniter\Autoloader\Autoloader->loadInNamespace('App\\Controllers\\restEmpleado')
 3 [internal function]: CodeIgniter\Autoloader\Autoloader->loadClass('App\\Controllers\\restEmpleado')
 4 SYSTEMPATH\CodeIgniter.php(892): class_exists('\\App\\Controllers\\restEmpleado', true)
 5 SYSTEMPATH\CodeIgniter.php(486): CodeIgniter\CodeIgniter->startController()
 6 SYSTEMPATH\CodeIgniter.php(368): CodeIgniter\CodeIgniter->handleRequest(null, Object(Config\Cache), false)
 7 FCPATH\index.php(67): CodeIgniter\CodeIgniter->run()
CRITICAL - 2023-04-29 21:03:15 --> strtolower(): Argument #1 ($string) must be of type string, App\Models\SucursalModel given
in APPPATH\Controllers\restEmpleado.php on line 66.
 1 APPPATH\Controllers\restEmpleado.php(66): strtolower(Object(App\Models\SucursalModel))
 2 APPPATH\Controllers\restEmpleado.php(43): App\Controllers\restEmpleado->validarSede([...], Object(App\Models\SucursalModel))
 3 SYSTEMPATH\CodeIgniter.php(934): App\Controllers\restEmpleado->register()
 4 SYSTEMPATH\CodeIgniter.php(499): CodeIgniter\CodeIgniter->runController(Object(App\Controllers\restEmpleado))
 5 SYSTEMPATH\CodeIgniter.php(368): CodeIgniter\CodeIgniter->handleRequest(null, Object(Config\Cache), false)
 6 FCPATH\index.php(67): CodeIgniter\CodeIgniter->run()
CRITICAL - 2023-04-29 21:04:14 --> strtolower(): Argument #1 ($string) must be of type string, App\Models\SucursalModel given
in APPPATH\Controllers\restEmpleado.php on line 66.
 1 APPPATH\Controllers\restEmpleado.php(66): strtolower(Object(App\Models\SucursalModel))
 2 APPPATH\Controllers\restEmpleado.php(43): App\Controllers\restEmpleado->validarSede([...], Object(App\Models\SucursalModel))
 3 SYSTEMPATH\CodeIgniter.php(934): App\Controllers\restEmpleado->register()
 4 SYSTEMPATH\CodeIgniter.php(499): CodeIgniter\CodeIgniter->runController(Object(App\Controllers\restEmpleado))
 5 SYSTEMPATH\CodeIgniter.php(368): CodeIgniter\CodeIgniter->handleRequest(null, Object(Config\Cache), false)
 6 FCPATH\index.php(67): CodeIgniter\CodeIgniter->run()
CRITICAL - 2023-04-29 21:04:31 --> strtolower(): Argument #1 ($string) must be of type string, App\Models\SucursalModel given
in APPPATH\Controllers\restEmpleado.php on line 66.
 1 APPPATH\Controllers\restEmpleado.php(66): strtolower(Object(App\Models\SucursalModel))
 2 APPPATH\Controllers\restEmpleado.php(43): App\Controllers\restEmpleado->validarSede([...], Object(App\Models\SucursalModel))
 3 SYSTEMPATH\CodeIgniter.php(934): App\Controllers\restEmpleado->register()
 4 SYSTEMPATH\CodeIgniter.php(499): CodeIgniter\CodeIgniter->runController(Object(App\Controllers\restEmpleado))
 5 SYSTEMPATH\CodeIgniter.php(368): CodeIgniter\CodeIgniter->handleRequest(null, Object(Config\Cache), false)
 6 FCPATH\index.php(67): CodeIgniter\CodeIgniter->run()
CRITICAL - 2023-04-29 21:05:03 --> strtolower(): Argument #1 ($string) must be of type string, App\Models\SucursalModel given
in APPPATH\Controllers\restEmpleado.php on line 66.
 1 APPPATH\Controllers\restEmpleado.php(66): strtolower(Object(App\Models\SucursalModel))
 2 APPPATH\Controllers\restEmpleado.php(43): App\Controllers\restEmpleado->validarSede([...], Object(App\Models\SucursalModel))
 3 SYSTEMPATH\CodeIgniter.php(934): App\Controllers\restEmpleado->register()
 4 SYSTEMPATH\CodeIgniter.php(499): CodeIgniter\CodeIgniter->runController(Object(App\Controllers\restEmpleado))
 5 SYSTEMPATH\CodeIgniter.php(368): CodeIgniter\CodeIgniter->handleRequest(null, Object(Config\Cache), false)
 6 FCPATH\index.php(67): CodeIgniter\CodeIgniter->run()
CRITICAL - 2023-04-29 21:05:53 --> Object of class App\Models\SucursalModel could not be converted to string
in APPPATH\Controllers\restEmpleado.php on line 66.
 1 APPPATH\Controllers\restEmpleado.php(43): App\Controllers\restEmpleado->validarSede([...], Object(App\Models\SucursalModel))
 2 SYSTEMPATH\CodeIgniter.php(934): App\Controllers\restEmpleado->register()
 3 SYSTEMPATH\CodeIgniter.php(499): CodeIgniter\CodeIgniter->runController(Object(App\Controllers\restEmpleado))
 4 SYSTEMPATH\CodeIgniter.php(368): CodeIgniter\CodeIgniter->handleRequest(null, Object(Config\Cache), false)
 5 FCPATH\index.php(67): CodeIgniter\CodeIgniter->run()
CRITICAL - 2023-04-29 21:08:21 --> Array to string conversion
in APPPATH\Controllers\restEmpleado.php on line 72.
 1 APPPATH\Controllers\restEmpleado.php(72): CodeIgniter\Debug\Exceptions->errorHandler(2, 'Array to string conversion', 'C:\\xampp\\htdocs\\DesafioBeClever\\app\\Controllers\\restEmpleado.php', 72)
 2 APPPATH\Controllers\restEmpleado.php(43): App\Controllers\restEmpleado->validarSede([...], [...])
 3 SYSTEMPATH\CodeIgniter.php(934): App\Controllers\restEmpleado->register()
 4 SYSTEMPATH\CodeIgniter.php(499): CodeIgniter\CodeIgniter->runController(Object(App\Controllers\restEmpleado))
 5 SYSTEMPATH\CodeIgniter.php(368): CodeIgniter\CodeIgniter->handleRequest(null, Object(Config\Cache), false)
 6 FCPATH\index.php(67): CodeIgniter\CodeIgniter->run()
CRITICAL - 2023-04-29 21:11:06 --> Call to undefined function App\Controllers\strlower()
in APPPATH\Controllers\restEmpleado.php on line 73.
 1 APPPATH\Controllers\restEmpleado.php(43): App\Controllers\restEmpleado->validarSede([...], 'brasil')
 2 SYSTEMPATH\CodeIgniter.php(934): App\Controllers\restEmpleado->register()
 3 SYSTEMPATH\CodeIgniter.php(499): CodeIgniter\CodeIgniter->runController(Object(App\Controllers\restEmpleado))
 4 SYSTEMPATH\CodeIgniter.php(368): CodeIgniter\CodeIgniter->handleRequest(null, Object(Config\Cache), false)
 5 FCPATH\index.php(67): CodeIgniter\CodeIgniter->run()
CRITICAL - 2023-04-29 21:11:19 --> Undefined variable $sucursalEmpleado
in APPPATH\Controllers\restEmpleado.php on line 73.
 1 APPPATH\Controllers\restEmpleado.php(73): CodeIgniter\Debug\Exceptions->errorHandler(2, 'Undefined variable $sucursalEmpleado', 'C:\\xampp\\htdocs\\DesafioBeClever\\app\\Controllers\\restEmpleado.php', 73)
 2 APPPATH\Controllers\restEmpleado.php(43): App\Controllers\restEmpleado->validarSede([...], 'brasil')
 3 SYSTEMPATH\CodeIgniter.php(934): App\Controllers\restEmpleado->register()
 4 SYSTEMPATH\CodeIgniter.php(499): CodeIgniter\CodeIgniter->runController(Object(App\Controllers\restEmpleado))
 5 SYSTEMPATH\CodeIgniter.php(368): CodeIgniter\CodeIgniter->handleRequest(null, Object(Config\Cache), false)
 6 FCPATH\index.php(67): CodeIgniter\CodeIgniter->run()
CRITICAL - 2023-04-29 23:14:27 --> Undefined variable $CodigoTipoRegistro
in APPPATH\Controllers\restEmpleado.php on line 36.
 1 APPPATH\Controllers\restEmpleado.php(36): CodeIgniter\Debug\Exceptions->errorHandler(2, 'Undefined variable $CodigoTipoRegistro', 'C:\\xampp\\htdocs\\DesafioBeClever\\app\\Controllers\\restEmpleado.php', 36)
 2 SYSTEMPATH\CodeIgniter.php(934): App\Controllers\restEmpleado->register()
 3 SYSTEMPATH\CodeIgniter.php(499): CodeIgniter\CodeIgniter->runController(Object(App\Controllers\restEmpleado))
 4 SYSTEMPATH\CodeIgniter.php(368): CodeIgniter\CodeIgniter->handleRequest(null, Object(Config\Cache), false)
 5 FCPATH\index.php(67): CodeIgniter\CodeIgniter->run()
CRITICAL - 2023-04-29 23:30:55 --> Undefined variable $data
in APPPATH\Controllers\restEmpleado.php on line 55.
 1 APPPATH\Controllers\restEmpleado.php(55): CodeIgniter\Debug\Exceptions->errorHandler(2, 'Undefined variable $data', 'C:\\xampp\\htdocs\\DesafioBeClever\\app\\Controllers\\restEmpleado.php', 55)
 2 SYSTEMPATH\CodeIgniter.php(934): App\Controllers\restEmpleado->register()
 3 SYSTEMPATH\CodeIgniter.php(499): CodeIgniter\CodeIgniter->runController(Object(App\Controllers\restEmpleado))
 4 SYSTEMPATH\CodeIgniter.php(368): CodeIgniter\CodeIgniter->handleRequest(null, Object(Config\Cache), false)
 5 FCPATH\index.php(67): CodeIgniter\CodeIgniter->run()
CRITICAL - 2023-04-29 23:31:09 --> Undefined variable $datos
in APPPATH\Controllers\restEmpleado.php on line 55.
 1 APPPATH\Controllers\restEmpleado.php(55): CodeIgniter\Debug\Exceptions->errorHandler(2, 'Undefined variable $datos', 'C:\\xampp\\htdocs\\DesafioBeClever\\app\\Controllers\\restEmpleado.php', 55)
 2 SYSTEMPATH\CodeIgniter.php(934): App\Controllers\restEmpleado->register()
 3 SYSTEMPATH\CodeIgniter.php(499): CodeIgniter\CodeIgniter->runController(Object(App\Controllers\restEmpleado))
 4 SYSTEMPATH\CodeIgniter.php(368): CodeIgniter\CodeIgniter->handleRequest(null, Object(Config\Cache), false)
 5 FCPATH\index.php(67): CodeIgniter\CodeIgniter->run()
CRITICAL - 2023-04-29 23:31:59 --> Too few arguments to function App\Controllers\restEmpleado::generarMensaje(), 1 passed in C:\xampp\htdocs\DesafioBeClever\app\Controllers\restEmpleado.php on line 55 and exactly 2 expected
in APPPATH\Controllers\restEmpleado.php on line 66.
 1 APPPATH\Controllers\restEmpleado.php(55): App\Controllers\restEmpleado->generarMensaje('El empleado no pertenece a la sucursal especificada')
 2 SYSTEMPATH\CodeIgniter.php(934): App\Controllers\restEmpleado->register()
 3 SYSTEMPATH\CodeIgniter.php(499): CodeIgniter\CodeIgniter->runController(Object(App\Controllers\restEmpleado))
 4 SYSTEMPATH\CodeIgniter.php(368): CodeIgniter\CodeIgniter->handleRequest(null, Object(Config\Cache), false)
 5 FCPATH\index.php(67): CodeIgniter\CodeIgniter->run()
CRITICAL - 2023-04-29 23:42:43 --> Undefined variable $dateFrom
in APPPATH\Controllers\restEmpleado.php on line 144.
 1 APPPATH\Controllers\restEmpleado.php(144): CodeIgniter\Debug\Exceptions->errorHandler(2, 'Undefined variable $dateFrom', 'C:\\xampp\\htdocs\\DesafioBeClever\\app\\Controllers\\restEmpleado.php', 144)
 2 SYSTEMPATH\CodeIgniter.php(934): App\Controllers\restEmpleado->average()
 3 SYSTEMPATH\CodeIgniter.php(499): CodeIgniter\CodeIgniter->runController(Object(App\Controllers\restEmpleado))
 4 SYSTEMPATH\CodeIgniter.php(368): CodeIgniter\CodeIgniter->handleRequest(null, Object(Config\Cache), false)
 5 FCPATH\index.php(67): CodeIgniter\CodeIgniter->run()
WARNING - 2023-04-29 23:43:08 --> [DEPRECATED] date_create(): Passing null to parameter #1 ($datetime) of type string is deprecated in APPPATH\Controllers\restEmpleado.php on line 144.
 1 APPPATH\Controllers\restEmpleado.php(144): date_create(null)
 2 SYSTEMPATH\CodeIgniter.php(934): App\Controllers\restEmpleado->average()
 3 SYSTEMPATH\CodeIgniter.php(499): CodeIgniter\CodeIgniter->runController(Object(App\Controllers\restEmpleado))
 4 SYSTEMPATH\CodeIgniter.php(368): CodeIgniter\CodeIgniter->handleRequest(null, Object(Config\Cache), false)
 5 FCPATH\index.php(67): CodeIgniter\CodeIgniter->run()
WARNING - 2023-04-29 23:43:08 --> [DEPRECATED] date_create(): Passing null to parameter #1 ($datetime) of type string is deprecated in APPPATH\Controllers\restEmpleado.php on line 145.
 1 APPPATH\Controllers\restEmpleado.php(145): date_create(null)
 2 SYSTEMPATH\CodeIgniter.php(934): App\Controllers\restEmpleado->average()
 3 SYSTEMPATH\CodeIgniter.php(499): CodeIgniter\CodeIgniter->runController(Object(App\Controllers\restEmpleado))
 4 SYSTEMPATH\CodeIgniter.php(368): CodeIgniter\CodeIgniter->handleRequest(null, Object(Config\Cache), false)
 5 FCPATH\index.php(67): CodeIgniter\CodeIgniter->run()
WARNING - 2023-04-29 23:43:28 --> [DEPRECATED] date_create(): Passing null to parameter #1 ($datetime) of type string is deprecated in APPPATH\Controllers\restEmpleado.php on line 144.
 1 APPPATH\Controllers\restEmpleado.php(144): date_create(null)
 2 SYSTEMPATH\CodeIgniter.php(934): App\Controllers\restEmpleado->average()
 3 SYSTEMPATH\CodeIgniter.php(499): CodeIgniter\CodeIgniter->runController(Object(App\Controllers\restEmpleado))
 4 SYSTEMPATH\CodeIgniter.php(368): CodeIgniter\CodeIgniter->handleRequest(null, Object(Config\Cache), false)
 5 FCPATH\index.php(67): CodeIgniter\CodeIgniter->run()
WARNING - 2023-04-29 23:43:28 --> [DEPRECATED] date_create(): Passing null to parameter #1 ($datetime) of type string is deprecated in APPPATH\Controllers\restEmpleado.php on line 145.
 1 APPPATH\Controllers\restEmpleado.php(145): date_create(null)
 2 SYSTEMPATH\CodeIgniter.php(934): App\Controllers\restEmpleado->average()
 3 SYSTEMPATH\CodeIgniter.php(499): CodeIgniter\CodeIgniter->runController(Object(App\Controllers\restEmpleado))
 4 SYSTEMPATH\CodeIgniter.php(368): CodeIgniter\CodeIgniter->handleRequest(null, Object(Config\Cache), false)
 5 FCPATH\index.php(67): CodeIgniter\CodeIgniter->run()
WARNING - 2023-04-29 23:43:56 --> [DEPRECATED] date_create(): Passing null to parameter #1 ($datetime) of type string is deprecated in APPPATH\Controllers\restEmpleado.php on line 145.
 1 APPPATH\Controllers\restEmpleado.php(145): date_create(null)
 2 SYSTEMPATH\CodeIgniter.php(934): App\Controllers\restEmpleado->average()
 3 SYSTEMPATH\CodeIgniter.php(499): CodeIgniter\CodeIgniter->runController(Object(App\Controllers\restEmpleado))
 4 SYSTEMPATH\CodeIgniter.php(368): CodeIgniter\CodeIgniter->handleRequest(null, Object(Config\Cache), false)
 5 FCPATH\index.php(67): CodeIgniter\CodeIgniter->run()
WARNING - 2023-04-29 23:43:56 --> [DEPRECATED] date_create(): Passing null to parameter #1 ($datetime) of type string is deprecated in APPPATH\Controllers\restEmpleado.php on line 146.
 1 APPPATH\Controllers\restEmpleado.php(146): date_create(null)
 2 SYSTEMPATH\CodeIgniter.php(934): App\Controllers\restEmpleado->average()
 3 SYSTEMPATH\CodeIgniter.php(499): CodeIgniter\CodeIgniter->runController(Object(App\Controllers\restEmpleado))
 4 SYSTEMPATH\CodeIgniter.php(368): CodeIgniter\CodeIgniter->handleRequest(null, Object(Config\Cache), false)
 5 FCPATH\index.php(67): CodeIgniter\CodeIgniter->run()
WARNING - 2023-04-29 23:44:21 --> [DEPRECATED] date_create(): Passing null to parameter #1 ($datetime) of type string is deprecated in APPPATH\Controllers\restEmpleado.php on line 144.
 1 APPPATH\Controllers\restEmpleado.php(144): date_create(null)
 2 SYSTEMPATH\CodeIgniter.php(934): App\Controllers\restEmpleado->average()
 3 SYSTEMPATH\CodeIgniter.php(499): CodeIgniter\CodeIgniter->runController(Object(App\Controllers\restEmpleado))
 4 SYSTEMPATH\CodeIgniter.php(368): CodeIgniter\CodeIgniter->handleRequest(null, Object(Config\Cache), false)
 5 FCPATH\index.php(67): CodeIgniter\CodeIgniter->run()
WARNING - 2023-04-29 23:44:21 --> [DEPRECATED] date_create(): Passing null to parameter #1 ($datetime) of type string is deprecated in APPPATH\Controllers\restEmpleado.php on line 145.
 1 APPPATH\Controllers\restEmpleado.php(145): date_create(null)
 2 SYSTEMPATH\CodeIgniter.php(934): App\Controllers\restEmpleado->average()
 3 SYSTEMPATH\CodeIgniter.php(499): CodeIgniter\CodeIgniter->runController(Object(App\Controllers\restEmpleado))
 4 SYSTEMPATH\CodeIgniter.php(368): CodeIgniter\CodeIgniter->handleRequest(null, Object(Config\Cache), false)
 5 FCPATH\index.php(67): CodeIgniter\CodeIgniter->run()
WARNING - 2023-04-29 23:44:52 --> [DEPRECATED] date_create(): Passing null to parameter #1 ($datetime) of type string is deprecated in APPPATH\Controllers\restEmpleado.php on line 144.
 1 APPPATH\Controllers\restEmpleado.php(144): date_create(null)
 2 SYSTEMPATH\CodeIgniter.php(934): App\Controllers\restEmpleado->average()
 3 SYSTEMPATH\CodeIgniter.php(499): CodeIgniter\CodeIgniter->runController(Object(App\Controllers\restEmpleado))
 4 SYSTEMPATH\CodeIgniter.php(368): CodeIgniter\CodeIgniter->handleRequest(null, Object(Config\Cache), false)
 5 FCPATH\index.php(67): CodeIgniter\CodeIgniter->run()
WARNING - 2023-04-29 23:44:52 --> [DEPRECATED] date_create(): Passing null to parameter #1 ($datetime) of type string is deprecated in APPPATH\Controllers\restEmpleado.php on line 145.
 1 APPPATH\Controllers\restEmpleado.php(145): date_create(null)
 2 SYSTEMPATH\CodeIgniter.php(934): App\Controllers\restEmpleado->average()
 3 SYSTEMPATH\CodeIgniter.php(499): CodeIgniter\CodeIgniter->runController(Object(App\Controllers\restEmpleado))
 4 SYSTEMPATH\CodeIgniter.php(368): CodeIgniter\CodeIgniter->handleRequest(null, Object(Config\Cache), false)
 5 FCPATH\index.php(67): CodeIgniter\CodeIgniter->run()
WARNING - 2023-04-29 23:45:24 --> [DEPRECATED] date_create(): Passing null to parameter #1 ($datetime) of type string is deprecated in APPPATH\Controllers\restEmpleado.php on line 144.
 1 APPPATH\Controllers\restEmpleado.php(144): date_create(null)
 2 SYSTEMPATH\CodeIgniter.php(934): App\Controllers\restEmpleado->average()
 3 SYSTEMPATH\CodeIgniter.php(499): CodeIgniter\CodeIgniter->runController(Object(App\Controllers\restEmpleado))
 4 SYSTEMPATH\CodeIgniter.php(368): CodeIgniter\CodeIgniter->handleRequest(null, Object(Config\Cache), false)
 5 FCPATH\index.php(67): CodeIgniter\CodeIgniter->run()
WARNING - 2023-04-29 23:45:24 --> [DEPRECATED] date_create(): Passing null to parameter #1 ($datetime) of type string is deprecated in APPPATH\Controllers\restEmpleado.php on line 145.
 1 APPPATH\Controllers\restEmpleado.php(145): date_create(null)
 2 SYSTEMPATH\CodeIgniter.php(934): App\Controllers\restEmpleado->average()
 3 SYSTEMPATH\CodeIgniter.php(499): CodeIgniter\CodeIgniter->runController(Object(App\Controllers\restEmpleado))
 4 SYSTEMPATH\CodeIgniter.php(368): CodeIgniter\CodeIgniter->handleRequest(null, Object(Config\Cache), false)
 5 FCPATH\index.php(67): CodeIgniter\CodeIgniter->run()
WARNING - 2023-04-29 23:46:02 --> [DEPRECATED] date_create(): Passing null to parameter #1 ($datetime) of type string is deprecated in APPPATH\Controllers\restEmpleado.php on line 145.
 1 APPPATH\Controllers\restEmpleado.php(145): date_create(null)
 2 SYSTEMPATH\CodeIgniter.php(934): App\Controllers\restEmpleado->average()
 3 SYSTEMPATH\CodeIgniter.php(499): CodeIgniter\CodeIgniter->runController(Object(App\Controllers\restEmpleado))
 4 SYSTEMPATH\CodeIgniter.php(368): CodeIgniter\CodeIgniter->handleRequest(null, Object(Config\Cache), false)
 5 FCPATH\index.php(67): CodeIgniter\CodeIgniter->run()
WARNING - 2023-04-29 23:46:02 --> [DEPRECATED] date_create(): Passing null to parameter #1 ($datetime) of type string is deprecated in APPPATH\Controllers\restEmpleado.php on line 146.
 1 APPPATH\Controllers\restEmpleado.php(146): date_create(null)
 2 SYSTEMPATH\CodeIgniter.php(934): App\Controllers\restEmpleado->average()
 3 SYSTEMPATH\CodeIgniter.php(499): CodeIgniter\CodeIgniter->runController(Object(App\Controllers\restEmpleado))
 4 SYSTEMPATH\CodeIgniter.php(368): CodeIgniter\CodeIgniter->handleRequest(null, Object(Config\Cache), false)
 5 FCPATH\index.php(67): CodeIgniter\CodeIgniter->run()
WARNING - 2023-04-29 23:47:31 --> [DEPRECATED] date_create(): Passing null to parameter #1 ($datetime) of type string is deprecated in APPPATH\Controllers\restEmpleado.php on line 144.
 1 APPPATH\Controllers\restEmpleado.php(144): date_create(null)
 2 SYSTEMPATH\CodeIgniter.php(934): App\Controllers\restEmpleado->average()
 3 SYSTEMPATH\CodeIgniter.php(499): CodeIgniter\CodeIgniter->runController(Object(App\Controllers\restEmpleado))
 4 SYSTEMPATH\CodeIgniter.php(368): CodeIgniter\CodeIgniter->handleRequest(null, Object(Config\Cache), false)
 5 FCPATH\index.php(67): CodeIgniter\CodeIgniter->run()
WARNING - 2023-04-29 23:47:31 --> [DEPRECATED] date_create(): Passing null to parameter #1 ($datetime) of type string is deprecated in APPPATH\Controllers\restEmpleado.php on line 145.
 1 APPPATH\Controllers\restEmpleado.php(145): date_create(null)
 2 SYSTEMPATH\CodeIgniter.php(934): App\Controllers\restEmpleado->average()
 3 SYSTEMPATH\CodeIgniter.php(499): CodeIgniter\CodeIgniter->runController(Object(App\Controllers\restEmpleado))
 4 SYSTEMPATH\CodeIgniter.php(368): CodeIgniter\CodeIgniter->handleRequest(null, Object(Config\Cache), false)
 5 FCPATH\index.php(67): CodeIgniter\CodeIgniter->run()
WARNING - 2023-04-29 23:48:29 --> [DEPRECATED] date_create(): Passing null to parameter #1 ($datetime) of type string is deprecated in APPPATH\Controllers\restEmpleado.php on line 144.
 1 APPPATH\Controllers\restEmpleado.php(144): date_create(null)
 2 SYSTEMPATH\CodeIgniter.php(934): App\Controllers\restEmpleado->average()
 3 SYSTEMPATH\CodeIgniter.php(499): CodeIgniter\CodeIgniter->runController(Object(App\Controllers\restEmpleado))
 4 SYSTEMPATH\CodeIgniter.php(368): CodeIgniter\CodeIgniter->handleRequest(null, Object(Config\Cache), false)
 5 FCPATH\index.php(67): CodeIgniter\CodeIgniter->run()
WARNING - 2023-04-29 23:48:29 --> [DEPRECATED] date_create(): Passing null to parameter #1 ($datetime) of type string is deprecated in APPPATH\Controllers\restEmpleado.php on line 145.
 1 APPPATH\Controllers\restEmpleado.php(145): date_create(null)
 2 SYSTEMPATH\CodeIgniter.php(934): App\Controllers\restEmpleado->average()
 3 SYSTEMPATH\CodeIgniter.php(499): CodeIgniter\CodeIgniter->runController(Object(App\Controllers\restEmpleado))
 4 SYSTEMPATH\CodeIgniter.php(368): CodeIgniter\CodeIgniter->handleRequest(null, Object(Config\Cache), false)
 5 FCPATH\index.php(67): CodeIgniter\CodeIgniter->run()
WARNING - 2023-04-29 23:48:56 --> [DEPRECATED] date_create(): Passing null to parameter #1 ($datetime) of type string is deprecated in APPPATH\Controllers\restEmpleado.php on line 144.
 1 APPPATH\Controllers\restEmpleado.php(144): date_create(null)
 2 SYSTEMPATH\CodeIgniter.php(934): App\Controllers\restEmpleado->average()
 3 SYSTEMPATH\CodeIgniter.php(499): CodeIgniter\CodeIgniter->runController(Object(App\Controllers\restEmpleado))
 4 SYSTEMPATH\CodeIgniter.php(368): CodeIgniter\CodeIgniter->handleRequest(null, Object(Config\Cache), false)
 5 FCPATH\index.php(67): CodeIgniter\CodeIgniter->run()
WARNING - 2023-04-29 23:48:56 --> [DEPRECATED] date_create(): Passing null to parameter #1 ($datetime) of type string is deprecated in APPPATH\Controllers\restEmpleado.php on line 145.
 1 APPPATH\Controllers\restEmpleado.php(145): date_create(null)
 2 SYSTEMPATH\CodeIgniter.php(934): App\Controllers\restEmpleado->average()
 3 SYSTEMPATH\CodeIgniter.php(499): CodeIgniter\CodeIgniter->runController(Object(App\Controllers\restEmpleado))
 4 SYSTEMPATH\CodeIgniter.php(368): CodeIgniter\CodeIgniter->handleRequest(null, Object(Config\Cache), false)
 5 FCPATH\index.php(67): CodeIgniter\CodeIgniter->run()
WARNING - 2023-04-29 23:49:31 --> [DEPRECATED] date_create(): Passing null to parameter #1 ($datetime) of type string is deprecated in APPPATH\Controllers\restEmpleado.php on line 144.
 1 APPPATH\Controllers\restEmpleado.php(144): date_create(null)
 2 SYSTEMPATH\CodeIgniter.php(934): App\Controllers\restEmpleado->average()
 3 SYSTEMPATH\CodeIgniter.php(499): CodeIgniter\CodeIgniter->runController(Object(App\Controllers\restEmpleado))
 4 SYSTEMPATH\CodeIgniter.php(368): CodeIgniter\CodeIgniter->handleRequest(null, Object(Config\Cache), false)
 5 FCPATH\index.php(67): CodeIgniter\CodeIgniter->run()
WARNING - 2023-04-29 23:49:31 --> [DEPRECATED] date_create(): Passing null to parameter #1 ($datetime) of type string is deprecated in APPPATH\Controllers\restEmpleado.php on line 145.
 1 APPPATH\Controllers\restEmpleado.php(145): date_create(null)
 2 SYSTEMPATH\CodeIgniter.php(934): App\Controllers\restEmpleado->average()
 3 SYSTEMPATH\CodeIgniter.php(499): CodeIgniter\CodeIgniter->runController(Object(App\Controllers\restEmpleado))
 4 SYSTEMPATH\CodeIgniter.php(368): CodeIgniter\CodeIgniter->handleRequest(null, Object(Config\Cache), false)
 5 FCPATH\index.php(67): CodeIgniter\CodeIgniter->run()
WARNING - 2023-04-29 23:50:08 --> [DEPRECATED] date_create(): Passing null to parameter #1 ($datetime) of type string is deprecated in APPPATH\Controllers\restEmpleado.php on line 144.
 1 APPPATH\Controllers\restEmpleado.php(144): date_create(null)
 2 SYSTEMPATH\CodeIgniter.php(934): App\Controllers\restEmpleado->average()
 3 SYSTEMPATH\CodeIgniter.php(499): CodeIgniter\CodeIgniter->runController(Object(App\Controllers\restEmpleado))
 4 SYSTEMPATH\CodeIgniter.php(368): CodeIgniter\CodeIgniter->handleRequest(null, Object(Config\Cache), false)
 5 FCPATH\index.php(67): CodeIgniter\CodeIgniter->run()
WARNING - 2023-04-29 23:50:08 --> [DEPRECATED] date_create(): Passing null to parameter #1 ($datetime) of type string is deprecated in APPPATH\Controllers\restEmpleado.php on line 145.
 1 APPPATH\Controllers\restEmpleado.php(145): date_create(null)
 2 SYSTEMPATH\CodeIgniter.php(934): App\Controllers\restEmpleado->average()
 3 SYSTEMPATH\CodeIgniter.php(499): CodeIgniter\CodeIgniter->runController(Object(App\Controllers\restEmpleado))
 4 SYSTEMPATH\CodeIgniter.php(368): CodeIgniter\CodeIgniter->handleRequest(null, Object(Config\Cache), false)
 5 FCPATH\index.php(67): CodeIgniter\CodeIgniter->run()
WARNING - 2023-04-29 23:50:32 --> [DEPRECATED] date_create(): Passing null to parameter #1 ($datetime) of type string is deprecated in APPPATH\Controllers\restEmpleado.php on line 144.
 1 APPPATH\Controllers\restEmpleado.php(144): date_create(null)
 2 SYSTEMPATH\CodeIgniter.php(934): App\Controllers\restEmpleado->average()
 3 SYSTEMPATH\CodeIgniter.php(499): CodeIgniter\CodeIgniter->runController(Object(App\Controllers\restEmpleado))
 4 SYSTEMPATH\CodeIgniter.php(368): CodeIgniter\CodeIgniter->handleRequest(null, Object(Config\Cache), false)
 5 FCPATH\index.php(67): CodeIgniter\CodeIgniter->run()
WARNING - 2023-04-29 23:50:32 --> [DEPRECATED] date_create(): Passing null to parameter #1 ($datetime) of type string is deprecated in APPPATH\Controllers\restEmpleado.php on line 145.
 1 APPPATH\Controllers\restEmpleado.php(145): date_create(null)
 2 SYSTEMPATH\CodeIgniter.php(934): App\Controllers\restEmpleado->average()
 3 SYSTEMPATH\CodeIgniter.php(499): CodeIgniter\CodeIgniter->runController(Object(App\Controllers\restEmpleado))
 4 SYSTEMPATH\CodeIgniter.php(368): CodeIgniter\CodeIgniter->handleRequest(null, Object(Config\Cache), false)
 5 FCPATH\index.php(67): CodeIgniter\CodeIgniter->run()
WARNING - 2023-04-29 23:51:54 --> [DEPRECATED] date_create(): Passing null to parameter #1 ($datetime) of type string is deprecated in APPPATH\Controllers\restEmpleado.php on line 144.
 1 APPPATH\Controllers\restEmpleado.php(144): date_create(null)
 2 SYSTEMPATH\CodeIgniter.php(934): App\Controllers\restEmpleado->average()
 3 SYSTEMPATH\CodeIgniter.php(499): CodeIgniter\CodeIgniter->runController(Object(App\Controllers\restEmpleado))
 4 SYSTEMPATH\CodeIgniter.php(368): CodeIgniter\CodeIgniter->handleRequest(null, Object(Config\Cache), false)
 5 FCPATH\index.php(67): CodeIgniter\CodeIgniter->run()
WARNING - 2023-04-29 23:51:54 --> [DEPRECATED] date_create(): Passing null to parameter #1 ($datetime) of type string is deprecated in APPPATH\Controllers\restEmpleado.php on line 145.
 1 APPPATH\Controllers\restEmpleado.php(145): date_create(null)
 2 SYSTEMPATH\CodeIgniter.php(934): App\Controllers\restEmpleado->average()
 3 SYSTEMPATH\CodeIgniter.php(499): CodeIgniter\CodeIgniter->runController(Object(App\Controllers\restEmpleado))
 4 SYSTEMPATH\CodeIgniter.php(368): CodeIgniter\CodeIgniter->handleRequest(null, Object(Config\Cache), false)
 5 FCPATH\index.php(67): CodeIgniter\CodeIgniter->run()
WARNING - 2023-04-29 23:52:07 --> [DEPRECATED] date_create(): Passing null to parameter #1 ($datetime) of type string is deprecated in APPPATH\Controllers\restEmpleado.php on line 144.
 1 APPPATH\Controllers\restEmpleado.php(144): date_create(null)
 2 SYSTEMPATH\CodeIgniter.php(934): App\Controllers\restEmpleado->average()
 3 SYSTEMPATH\CodeIgniter.php(499): CodeIgniter\CodeIgniter->runController(Object(App\Controllers\restEmpleado))
 4 SYSTEMPATH\CodeIgniter.php(368): CodeIgniter\CodeIgniter->handleRequest(null, Object(Config\Cache), false)
 5 FCPATH\index.php(67): CodeIgniter\CodeIgniter->run()
WARNING - 2023-04-29 23:52:07 --> [DEPRECATED] date_create(): Passing null to parameter #1 ($datetime) of type string is deprecated in APPPATH\Controllers\restEmpleado.php on line 145.
 1 APPPATH\Controllers\restEmpleado.php(145): date_create(null)
 2 SYSTEMPATH\CodeIgniter.php(934): App\Controllers\restEmpleado->average()
 3 SYSTEMPATH\CodeIgniter.php(499): CodeIgniter\CodeIgniter->runController(Object(App\Controllers\restEmpleado))
 4 SYSTEMPATH\CodeIgniter.php(368): CodeIgniter\CodeIgniter->handleRequest(null, Object(Config\Cache), false)
 5 FCPATH\index.php(67): CodeIgniter\CodeIgniter->run()
WARNING - 2023-04-29 23:52:24 --> [DEPRECATED] date_create(): Passing null to parameter #1 ($datetime) of type string is deprecated in APPPATH\Controllers\restEmpleado.php on line 144.
 1 APPPATH\Controllers\restEmpleado.php(144): date_create(null)
 2 SYSTEMPATH\CodeIgniter.php(934): App\Controllers\restEmpleado->average()
 3 SYSTEMPATH\CodeIgniter.php(499): CodeIgniter\CodeIgniter->runController(Object(App\Controllers\restEmpleado))
 4 SYSTEMPATH\CodeIgniter.php(368): CodeIgniter\CodeIgniter->handleRequest(null, Object(Config\Cache), false)
 5 FCPATH\index.php(67): CodeIgniter\CodeIgniter->run()
WARNING - 2023-04-29 23:52:24 --> [DEPRECATED] date_create(): Passing null to parameter #1 ($datetime) of type string is deprecated in APPPATH\Controllers\restEmpleado.php on line 145.
 1 APPPATH\Controllers\restEmpleado.php(145): date_create(null)
 2 SYSTEMPATH\CodeIgniter.php(934): App\Controllers\restEmpleado->average()
 3 SYSTEMPATH\CodeIgniter.php(499): CodeIgniter\CodeIgniter->runController(Object(App\Controllers\restEmpleado))
 4 SYSTEMPATH\CodeIgniter.php(368): CodeIgniter\CodeIgniter->handleRequest(null, Object(Config\Cache), false)
 5 FCPATH\index.php(67): CodeIgniter\CodeIgniter->run()
WARNING - 2023-04-29 23:53:11 --> [DEPRECATED] date_create(): Passing null to parameter #1 ($datetime) of type string is deprecated in APPPATH\Controllers\restEmpleado.php on line 144.
 1 APPPATH\Controllers\restEmpleado.php(144): date_create(null)
 2 SYSTEMPATH\CodeIgniter.php(934): App\Controllers\restEmpleado->average()
 3 SYSTEMPATH\CodeIgniter.php(499): CodeIgniter\CodeIgniter->runController(Object(App\Controllers\restEmpleado))
 4 SYSTEMPATH\CodeIgniter.php(368): CodeIgniter\CodeIgniter->handleRequest(null, Object(Config\Cache), false)
 5 FCPATH\index.php(67): CodeIgniter\CodeIgniter->run()
WARNING - 2023-04-29 23:53:11 --> [DEPRECATED] date_create(): Passing null to parameter #1 ($datetime) of type string is deprecated in APPPATH\Controllers\restEmpleado.php on line 145.
 1 APPPATH\Controllers\restEmpleado.php(145): date_create(null)
 2 SYSTEMPATH\CodeIgniter.php(934): App\Controllers\restEmpleado->average()
 3 SYSTEMPATH\CodeIgniter.php(499): CodeIgniter\CodeIgniter->runController(Object(App\Controllers\restEmpleado))
 4 SYSTEMPATH\CodeIgniter.php(368): CodeIgniter\CodeIgniter->handleRequest(null, Object(Config\Cache), false)
 5 FCPATH\index.php(67): CodeIgniter\CodeIgniter->run()
WARNING - 2023-04-29 23:53:35 --> [DEPRECATED] date_create(): Passing null to parameter #1 ($datetime) of type string is deprecated in APPPATH\Controllers\restEmpleado.php on line 144.
 1 APPPATH\Controllers\restEmpleado.php(144): date_create(null)
 2 SYSTEMPATH\CodeIgniter.php(934): App\Controllers\restEmpleado->average()
 3 SYSTEMPATH\CodeIgniter.php(499): CodeIgniter\CodeIgniter->runController(Object(App\Controllers\restEmpleado))
 4 SYSTEMPATH\CodeIgniter.php(368): CodeIgniter\CodeIgniter->handleRequest(null, Object(Config\Cache), false)
 5 FCPATH\index.php(67): CodeIgniter\CodeIgniter->run()
WARNING - 2023-04-29 23:53:35 --> [DEPRECATED] date_create(): Passing null to parameter #1 ($datetime) of type string is deprecated in APPPATH\Controllers\restEmpleado.php on line 145.
 1 APPPATH\Controllers\restEmpleado.php(145): date_create(null)
 2 SYSTEMPATH\CodeIgniter.php(934): App\Controllers\restEmpleado->average()
 3 SYSTEMPATH\CodeIgniter.php(499): CodeIgniter\CodeIgniter->runController(Object(App\Controllers\restEmpleado))
 4 SYSTEMPATH\CodeIgniter.php(368): CodeIgniter\CodeIgniter->handleRequest(null, Object(Config\Cache), false)
 5 FCPATH\index.php(67): CodeIgniter\CodeIgniter->run()
WARNING - 2023-04-29 23:54:07 --> [DEPRECATED] date_create(): Passing null to parameter #1 ($datetime) of type string is deprecated in APPPATH\Controllers\restEmpleado.php on line 146.
 1 APPPATH\Controllers\restEmpleado.php(146): date_create(null)
 2 SYSTEMPATH\CodeIgniter.php(934): App\Controllers\restEmpleado->average()
 3 SYSTEMPATH\CodeIgniter.php(499): CodeIgniter\CodeIgniter->runController(Object(App\Controllers\restEmpleado))
 4 SYSTEMPATH\CodeIgniter.php(368): CodeIgniter\CodeIgniter->handleRequest(null, Object(Config\Cache), false)
 5 FCPATH\index.php(67): CodeIgniter\CodeIgniter->run()
WARNING - 2023-04-29 23:54:07 --> [DEPRECATED] date_create(): Passing null to parameter #1 ($datetime) of type string is deprecated in APPPATH\Controllers\restEmpleado.php on line 147.
 1 APPPATH\Controllers\restEmpleado.php(147): date_create(null)
 2 SYSTEMPATH\CodeIgniter.php(934): App\Controllers\restEmpleado->average()
 3 SYSTEMPATH\CodeIgniter.php(499): CodeIgniter\CodeIgniter->runController(Object(App\Controllers\restEmpleado))
 4 SYSTEMPATH\CodeIgniter.php(368): CodeIgniter\CodeIgniter->handleRequest(null, Object(Config\Cache), false)
 5 FCPATH\index.php(67): CodeIgniter\CodeIgniter->run()
WARNING - 2023-04-29 23:54:35 --> [DEPRECATED] date_create(): Passing null to parameter #1 ($datetime) of type string is deprecated in APPPATH\Controllers\restEmpleado.php on line 146.
 1 APPPATH\Controllers\restEmpleado.php(146): date_create(null)
 2 SYSTEMPATH\CodeIgniter.php(934): App\Controllers\restEmpleado->average()
 3 SYSTEMPATH\CodeIgniter.php(499): CodeIgniter\CodeIgniter->runController(Object(App\Controllers\restEmpleado))
 4 SYSTEMPATH\CodeIgniter.php(368): CodeIgniter\CodeIgniter->handleRequest(null, Object(Config\Cache), false)
 5 FCPATH\index.php(67): CodeIgniter\CodeIgniter->run()
WARNING - 2023-04-29 23:54:35 --> [DEPRECATED] date_create(): Passing null to parameter #1 ($datetime) of type string is deprecated in APPPATH\Controllers\restEmpleado.php on line 147.
 1 APPPATH\Controllers\restEmpleado.php(147): date_create(null)
 2 SYSTEMPATH\CodeIgniter.php(934): App\Controllers\restEmpleado->average()
 3 SYSTEMPATH\CodeIgniter.php(499): CodeIgniter\CodeIgniter->runController(Object(App\Controllers\restEmpleado))
 4 SYSTEMPATH\CodeIgniter.php(368): CodeIgniter\CodeIgniter->handleRequest(null, Object(Config\Cache), false)
 5 FCPATH\index.php(67): CodeIgniter\CodeIgniter->run()
WARNING - 2023-04-29 23:55:23 --> [DEPRECATED] date_create(): Passing null to parameter #1 ($datetime) of type string is deprecated in APPPATH\Controllers\restEmpleado.php on line 146.
 1 APPPATH\Controllers\restEmpleado.php(146): date_create(null)
 2 SYSTEMPATH\CodeIgniter.php(934): App\Controllers\restEmpleado->average()
 3 SYSTEMPATH\CodeIgniter.php(499): CodeIgniter\CodeIgniter->runController(Object(App\Controllers\restEmpleado))
 4 SYSTEMPATH\CodeIgniter.php(368): CodeIgniter\CodeIgniter->handleRequest(null, Object(Config\Cache), false)
 5 FCPATH\index.php(67): CodeIgniter\CodeIgniter->run()
WARNING - 2023-04-29 23:55:23 --> [DEPRECATED] date_create(): Passing null to parameter #1 ($datetime) of type string is deprecated in APPPATH\Controllers\restEmpleado.php on line 147.
 1 APPPATH\Controllers\restEmpleado.php(147): date_create(null)
 2 SYSTEMPATH\CodeIgniter.php(934): App\Controllers\restEmpleado->average()
 3 SYSTEMPATH\CodeIgniter.php(499): CodeIgniter\CodeIgniter->runController(Object(App\Controllers\restEmpleado))
 4 SYSTEMPATH\CodeIgniter.php(368): CodeIgniter\CodeIgniter->handleRequest(null, Object(Config\Cache), false)
 5 FCPATH\index.php(67): CodeIgniter\CodeIgniter->run()
WARNING - 2023-04-29 23:55:39 --> [DEPRECATED] date_create(): Passing null to parameter #1 ($datetime) of type string is deprecated in APPPATH\Controllers\restEmpleado.php on line 146.
 1 APPPATH\Controllers\restEmpleado.php(146): date_create(null)
 2 SYSTEMPATH\CodeIgniter.php(934): App\Controllers\restEmpleado->average()
 3 SYSTEMPATH\CodeIgniter.php(499): CodeIgniter\CodeIgniter->runController(Object(App\Controllers\restEmpleado))
 4 SYSTEMPATH\CodeIgniter.php(368): CodeIgniter\CodeIgniter->handleRequest(null, Object(Config\Cache), false)
 5 FCPATH\index.php(67): CodeIgniter\CodeIgniter->run()
WARNING - 2023-04-29 23:55:39 --> [DEPRECATED] date_create(): Passing null to parameter #1 ($datetime) of type string is deprecated in APPPATH\Controllers\restEmpleado.php on line 147.
 1 APPPATH\Controllers\restEmpleado.php(147): date_create(null)
 2 SYSTEMPATH\CodeIgniter.php(934): App\Controllers\restEmpleado->average()
 3 SYSTEMPATH\CodeIgniter.php(499): CodeIgniter\CodeIgniter->runController(Object(App\Controllers\restEmpleado))
 4 SYSTEMPATH\CodeIgniter.php(368): CodeIgniter\CodeIgniter->handleRequest(null, Object(Config\Cache), false)
 5 FCPATH\index.php(67): CodeIgniter\CodeIgniter->run()
WARNING - 2023-04-29 23:58:22 --> [DEPRECATED] date_create(): Passing null to parameter #1 ($datetime) of type string is deprecated in APPPATH\Controllers\restEmpleado.php on line 34.
 1 APPPATH\Controllers\restEmpleado.php(34): date_create(null)
 2 SYSTEMPATH\CodeIgniter.php(934): App\Controllers\restEmpleado->register()
 3 SYSTEMPATH\CodeIgniter.php(499): CodeIgniter\CodeIgniter->runController(Object(App\Controllers\restEmpleado))
 4 SYSTEMPATH\CodeIgniter.php(368): CodeIgniter\CodeIgniter->handleRequest(null, Object(Config\Cache), false)
 5 FCPATH\index.php(67): CodeIgniter\CodeIgniter->run()
WARNING - 2023-04-29 23:58:22 --> [DEPRECATED] strtolower(): Passing null to parameter #1 ($string) of type string is deprecated in APPPATH\Controllers\restEmpleado.php on line 105.
 1 APPPATH\Controllers\restEmpleado.php(105): strtolower(null)
 2 APPPATH\Controllers\restEmpleado.php(37): App\Controllers\restEmpleado->tipoRegistro(null)
 3 SYSTEMPATH\CodeIgniter.php(934): App\Controllers\restEmpleado->register()
 4 SYSTEMPATH\CodeIgniter.php(499): CodeIgniter\CodeIgniter->runController(Object(App\Controllers\restEmpleado))
 5 SYSTEMPATH\CodeIgniter.php(368): CodeIgniter\CodeIgniter->handleRequest(null, Object(Config\Cache), false)
 6 FCPATH\index.php(67): CodeIgniter\CodeIgniter->run()
WARNING - 2023-04-29 23:58:34 --> [DEPRECATED] date_create(): Passing null to parameter #1 ($datetime) of type string is deprecated in APPPATH\Controllers\restEmpleado.php on line 150.
 1 APPPATH\Controllers\restEmpleado.php(150): date_create(null)
 2 SYSTEMPATH\CodeIgniter.php(934): App\Controllers\restEmpleado->average()
 3 SYSTEMPATH\CodeIgniter.php(499): CodeIgniter\CodeIgniter->runController(Object(App\Controllers\restEmpleado))
 4 SYSTEMPATH\CodeIgniter.php(368): CodeIgniter\CodeIgniter->handleRequest(null, Object(Config\Cache), false)
 5 FCPATH\index.php(67): CodeIgniter\CodeIgniter->run()
WARNING - 2023-04-29 23:58:34 --> [DEPRECATED] date_create(): Passing null to parameter #1 ($datetime) of type string is deprecated in APPPATH\Controllers\restEmpleado.php on line 151.
 1 APPPATH\Controllers\restEmpleado.php(151): date_create(null)
 2 SYSTEMPATH\CodeIgniter.php(934): App\Controllers\restEmpleado->average()
 3 SYSTEMPATH\CodeIgniter.php(499): CodeIgniter\CodeIgniter->runController(Object(App\Controllers\restEmpleado))
 4 SYSTEMPATH\CodeIgniter.php(368): CodeIgniter\CodeIgniter->handleRequest(null, Object(Config\Cache), false)
 5 FCPATH\index.php(67): CodeIgniter\CodeIgniter->run()
WARNING - 2023-04-29 23:58:57 --> [DEPRECATED] date_create(): Passing null to parameter #1 ($datetime) of type string is deprecated in APPPATH\Controllers\restEmpleado.php on line 151.
 1 APPPATH\Controllers\restEmpleado.php(151): date_create(null)
 2 SYSTEMPATH\CodeIgniter.php(934): App\Controllers\restEmpleado->average()
 3 SYSTEMPATH\CodeIgniter.php(499): CodeIgniter\CodeIgniter->runController(Object(App\Controllers\restEmpleado))
 4 SYSTEMPATH\CodeIgniter.php(368): CodeIgniter\CodeIgniter->handleRequest(null, Object(Config\Cache), false)
 5 FCPATH\index.php(67): CodeIgniter\CodeIgniter->run()
WARNING - 2023-04-29 23:59:35 --> [DEPRECATED] date_create(): Passing null to parameter #1 ($datetime) of type string is deprecated in APPPATH\Controllers\restEmpleado.php on line 149.
 1 APPPATH\Controllers\restEmpleado.php(149): date_create(null)
 2 SYSTEMPATH\CodeIgniter.php(934): App\Controllers\restEmpleado->average()
 3 SYSTEMPATH\CodeIgniter.php(499): CodeIgniter\CodeIgniter->runController(Object(App\Controllers\restEmpleado))
 4 SYSTEMPATH\CodeIgniter.php(368): CodeIgniter\CodeIgniter->handleRequest(null, Object(Config\Cache), false)
 5 FCPATH\index.php(67): CodeIgniter\CodeIgniter->run()
