WARNING - 2023-04-30 00:00:09 --> [DEPRECATED] date_create(): Passing null to parameter #1 ($datetime) of type string is deprecated in APPPATH\Controllers\restEmpleado.php on line 149.
 1 APPPATH\Controllers\restEmpleado.php(149): date_create(null)
 2 SYSTEMPATH\CodeIgniter.php(934): App\Controllers\restEmpleado->average()
 3 SYSTEMPATH\CodeIgniter.php(499): CodeIgniter\CodeIgniter->runController(Object(App\Controllers\restEmpleado))
 4 SYSTEMPATH\CodeIgniter.php(368): CodeIgniter\CodeIgniter->handleRequest(null, Object(Config\Cache), false)
 5 FCPATH\index.php(67): CodeIgniter\CodeIgniter->run()
CRITICAL - 2023-04-30 00:02:14 --> date_diff(): Argument #2 ($targetObject) must be of type DateTimeInterface, bool given
in APPPATH\Controllers\restEmpleado.php on line 152.
 1 APPPATH\Controllers\restEmpleado.php(152): date_diff(Object(DateTime), false)
 2 SYSTEMPATH\CodeIgniter.php(934): App\Controllers\restEmpleado->average()
 3 SYSTEMPATH\CodeIgniter.php(499): CodeIgniter\CodeIgniter->runController(Object(App\Controllers\restEmpleado))
 4 SYSTEMPATH\CodeIgniter.php(368): CodeIgniter\CodeIgniter->handleRequest(null, Object(Config\Cache), false)
 5 FCPATH\index.php(67): CodeIgniter\CodeIgniter->run()
WARNING - 2023-04-30 00:04:05 --> [DEPRECATED] date_create(): Passing null to parameter #1 ($datetime) of type string is deprecated in APPPATH\Controllers\restEmpleado.php on line 34.
 1 APPPATH\Controllers\restEmpleado.php(34): date_create(null)
 2 SYSTEMPATH\CodeIgniter.php(934): App\Controllers\restEmpleado->register()
 3 SYSTEMPATH\CodeIgniter.php(499): CodeIgniter\CodeIgniter->runController(Object(App\Controllers\restEmpleado))
 4 SYSTEMPATH\CodeIgniter.php(368): CodeIgniter\CodeIgniter->handleRequest(null, Object(Config\Cache), false)
 5 FCPATH\index.php(67): CodeIgniter\CodeIgniter->run()
WARNING - 2023-04-30 00:04:05 --> [DEPRECATED] strtolower(): Passing null to parameter #1 ($string) of type string is deprecated in APPPATH\Controllers\restEmpleado.php on line 105.
 1 APPPATH\Controllers\restEmpleado.php(105): strtolower(null)
 2 APPPATH\Controllers\restEmpleado.php(37): App\Controllers\restEmpleado->tipoRegistro(null)
 3 SYSTEMPATH\CodeIgniter.php(934): App\Controllers\restEmpleado->register()
 4 SYSTEMPATH\CodeIgniter.php(499): CodeIgniter\CodeIgniter->runController(Object(App\Controllers\restEmpleado))
 5 SYSTEMPATH\CodeIgniter.php(368): CodeIgniter\CodeIgniter->handleRequest(null, Object(Config\Cache), false)
 6 FCPATH\index.php(67): CodeIgniter\CodeIgniter->run()
CRITICAL - 2023-04-30 00:11:17 --> date_diff(): Argument #1 ($baseObject) must be of type DateTimeInterface, bool given
in APPPATH\Controllers\restEmpleado.php on line 130.
 1 APPPATH\Controllers\restEmpleado.php(130): date_diff(false, Object(DateTime))
 2 SYSTEMPATH\CodeIgniter.php(934): App\Controllers\restEmpleado->average()
 3 SYSTEMPATH\CodeIgniter.php(499): CodeIgniter\CodeIgniter->runController(Object(App\Controllers\restEmpleado))
 4 SYSTEMPATH\CodeIgniter.php(368): CodeIgniter\CodeIgniter->handleRequest(null, Object(Config\Cache), false)
 5 FCPATH\index.php(67): CodeIgniter\CodeIgniter->run()
CRITICAL - 2023-04-30 00:13:49 --> syntax error, unexpected double-quoted string "code", expecting ")"
in APPPATH\Controllers\restEmpleado.php on line 189.
 1 SYSTEMPATH\Autoloader\Autoloader.php(289): CodeIgniter\Autoloader\Autoloader->includeFile('C:\\xampp\\htdocs\\DesafioBeClever\\app\\Controllers\\restEmpleado.php')
 2 SYSTEMPATH\Autoloader\Autoloader.php(267): CodeIgniter\Autoloader\Autoloader->loadInNamespace('App\\Controllers\\restEmpleado')
 3 [internal function]: CodeIgniter\Autoloader\Autoloader->loadClass('App\\Controllers\\restEmpleado')
 4 SYSTEMPATH\CodeIgniter.php(892): class_exists('\\App\\Controllers\\restEmpleado', true)
 5 SYSTEMPATH\CodeIgniter.php(486): CodeIgniter\CodeIgniter->startController()
 6 SYSTEMPATH\CodeIgniter.php(368): CodeIgniter\CodeIgniter->handleRequest(null, Object(Config\Cache), false)
 7 FCPATH\index.php(67): CodeIgniter\CodeIgniter->run()
CRITICAL - 2023-04-30 00:13:59 --> Call to undefined function App\Controllers\respond()
in APPPATH\Controllers\restEmpleado.php on line 187.
 1 APPPATH\Controllers\restEmpleado.php(182): App\Controllers\restEmpleado->generarRespuesta()
 2 SYSTEMPATH\CodeIgniter.php(934): App\Controllers\restEmpleado->average()
 3 SYSTEMPATH\CodeIgniter.php(499): CodeIgniter\CodeIgniter->runController(Object(App\Controllers\restEmpleado))
 4 SYSTEMPATH\CodeIgniter.php(368): CodeIgniter\CodeIgniter->handleRequest(null, Object(Config\Cache), false)
 5 FCPATH\index.php(67): CodeIgniter\CodeIgniter->run()
CRITICAL - 2023-04-30 00:39:10 --> syntax error, unexpected token ",", expecting variable
in APPPATH\Controllers\restEmpleado.php on line 130.
 1 SYSTEMPATH\Autoloader\Autoloader.php(289): CodeIgniter\Autoloader\Autoloader->includeFile('C:\\xampp\\htdocs\\DesafioBeClever\\app\\Controllers\\restEmpleado.php')
 2 SYSTEMPATH\Autoloader\Autoloader.php(267): CodeIgniter\Autoloader\Autoloader->loadInNamespace('App\\Controllers\\restEmpleado')
 3 [internal function]: CodeIgniter\Autoloader\Autoloader->loadClass('App\\Controllers\\restEmpleado')
 4 SYSTEMPATH\CodeIgniter.php(892): class_exists('\\App\\Controllers\\restEmpleado', true)
 5 SYSTEMPATH\CodeIgniter.php(486): CodeIgniter\CodeIgniter->startController()
 6 SYSTEMPATH\CodeIgniter.php(368): CodeIgniter\CodeIgniter->handleRequest(null, Object(Config\Cache), false)
 7 FCPATH\index.php(67): CodeIgniter\CodeIgniter->run()
CRITICAL - 2023-04-30 00:39:31 --> syntax error, unexpected token ",", expecting variable
in APPPATH\Controllers\restEmpleado.php on line 130.
 1 SYSTEMPATH\Autoloader\Autoloader.php(289): CodeIgniter\Autoloader\Autoloader->includeFile('C:\\xampp\\htdocs\\DesafioBeClever\\app\\Controllers\\restEmpleado.php')
 2 SYSTEMPATH\Autoloader\Autoloader.php(267): CodeIgniter\Autoloader\Autoloader->loadInNamespace('App\\Controllers\\restEmpleado')
 3 [internal function]: CodeIgniter\Autoloader\Autoloader->loadClass('App\\Controllers\\restEmpleado')
 4 SYSTEMPATH\CodeIgniter.php(892): class_exists('\\App\\Controllers\\restEmpleado', true)
 5 SYSTEMPATH\CodeIgniter.php(486): CodeIgniter\CodeIgniter->startController()
 6 SYSTEMPATH\CodeIgniter.php(368): CodeIgniter\CodeIgniter->handleRequest(null, Object(Config\Cache), false)
 7 FCPATH\index.php(67): CodeIgniter\CodeIgniter->run()
CRITICAL - 2023-04-30 00:39:57 --> Undefined property: CodeIgniter\Database\MySQLi\Builder::$bd
in APPPATH\Controllers\restEmpleado.php on line 23.
 1 APPPATH\Controllers\restEmpleado.php(23): CodeIgniter\Debug\Exceptions->errorHandler(2, 'Undefined property: CodeIgniter\\Database\\MySQLi\\Builder::$bd', 'C:\\xampp\\htdocs\\DesafioBeClever\\app\\Controllers\\restEmpleado.php', 23)
 2 SYSTEMPATH\CodeIgniter.php(934): App\Controllers\restEmpleado->index()
 3 SYSTEMPATH\CodeIgniter.php(499): CodeIgniter\CodeIgniter->runController(Object(App\Controllers\restEmpleado))
 4 SYSTEMPATH\CodeIgniter.php(368): CodeIgniter\CodeIgniter->handleRequest(null, Object(Config\Cache), false)
 5 FCPATH\index.php(67): CodeIgniter\CodeIgniter->run()
CRITICAL - 2023-04-30 00:42:09 --> syntax error, unexpected token "return"
in APPPATH\Controllers\restEmpleado.php on line 22.
 1 SYSTEMPATH\Autoloader\Autoloader.php(289): CodeIgniter\Autoloader\Autoloader->includeFile('C:\\xampp\\htdocs\\DesafioBeClever\\app\\Controllers\\restEmpleado.php')
 2 SYSTEMPATH\Autoloader\Autoloader.php(267): CodeIgniter\Autoloader\Autoloader->loadInNamespace('App\\Controllers\\restEmpleado')
 3 [internal function]: CodeIgniter\Autoloader\Autoloader->loadClass('App\\Controllers\\restEmpleado')
 4 SYSTEMPATH\CodeIgniter.php(892): class_exists('\\App\\Controllers\\restEmpleado', true)
 5 SYSTEMPATH\CodeIgniter.php(486): CodeIgniter\CodeIgniter->startController()
 6 SYSTEMPATH\CodeIgniter.php(368): CodeIgniter\CodeIgniter->handleRequest(null, Object(Config\Cache), false)
 7 FCPATH\index.php(67): CodeIgniter\CodeIgniter->run()
CRITICAL - 2023-04-30 00:42:15 --> Undefined variable $Codigo
in APPPATH\Controllers\restEmpleado.php on line 20.
 1 APPPATH\Controllers\restEmpleado.php(20): CodeIgniter\Debug\Exceptions->errorHandler(2, 'Undefined variable $Codigo', 'C:\\xampp\\htdocs\\DesafioBeClever\\app\\Controllers\\restEmpleado.php', 20)
 2 SYSTEMPATH\CodeIgniter.php(934): App\Controllers\restEmpleado->index()
 3 SYSTEMPATH\CodeIgniter.php(499): CodeIgniter\CodeIgniter->runController(Object(App\Controllers\restEmpleado))
 4 SYSTEMPATH\CodeIgniter.php(368): CodeIgniter\CodeIgniter->handleRequest(null, Object(Config\Cache), false)
 5 FCPATH\index.php(67): CodeIgniter\CodeIgniter->run()
CRITICAL - 2023-04-30 00:49:33 --> Undefined variable $db
in APPPATH\Controllers\restEmpleado.php on line 19.
 1 APPPATH\Controllers\restEmpleado.php(19): CodeIgniter\Debug\Exceptions->errorHandler(2, 'Undefined variable $db', 'C:\\xampp\\htdocs\\DesafioBeClever\\app\\Controllers\\restEmpleado.php', 19)
 2 SYSTEMPATH\CodeIgniter.php(934): App\Controllers\restEmpleado->index()
 3 SYSTEMPATH\CodeIgniter.php(499): CodeIgniter\CodeIgniter->runController(Object(App\Controllers\restEmpleado))
 4 SYSTEMPATH\CodeIgniter.php(368): CodeIgniter\CodeIgniter->handleRequest(null, Object(Config\Cache), false)
 5 FCPATH\index.php(67): CodeIgniter\CodeIgniter->run()
ERROR - 2023-04-30 00:55:02 --> mysqli_sql_exception: Unknown column '2023-04-16' in 'field list' in C:\xampp\htdocs\DesafioBeClever\system\Database\MySQLi\Connection.php:295
Stack trace:
#0 C:\xampp\htdocs\DesafioBeClever\system\Database\MySQLi\Connection.php(295): mysqli->query('INSERT INTO `re...', 0)
#1 C:\xampp\htdocs\DesafioBeClever\system\Database\BaseConnection.php(692): CodeIgniter\Database\MySQLi\Connection->execute('INSERT INTO `re...')
#2 C:\xampp\htdocs\DesafioBeClever\system\Database\BaseConnection.php(606): CodeIgniter\Database\BaseConnection->simpleQuery('INSERT INTO `re...')
#3 C:\xampp\htdocs\DesafioBeClever\app\Controllers\restEmpleado.php(22): CodeIgniter\Database\BaseConnection->query('INSERT INTO `re...')
#4 C:\xampp\htdocs\DesafioBeClever\system\CodeIgniter.php(934): App\Controllers\restEmpleado->index()
#5 C:\xampp\htdocs\DesafioBeClever\system\CodeIgniter.php(499): CodeIgniter\CodeIgniter->runController(Object(App\Controllers\restEmpleado))
#6 C:\xampp\htdocs\DesafioBeClever\system\CodeIgniter.php(368): CodeIgniter\CodeIgniter->handleRequest(NULL, Object(Config\Cache), false)
#7 C:\xampp\htdocs\DesafioBeClever\index.php(67): CodeIgniter\CodeIgniter->run()
#8 {main}
CRITICAL - 2023-04-30 00:55:02 --> Unknown column '2023-04-16' in 'field list'
in SYSTEMPATH\Database\MySQLi\Connection.php on line 295.
 1 SYSTEMPATH\Database\MySQLi\Connection.php(295): mysqli->query('INSERT INTO `registros` (`Fecha`, `CodigoTipoRegistro`, `CodigoEmpleado`) VALUES (`2023-04-16`,`2`,`1`)', 0)
 2 SYSTEMPATH\Database\BaseConnection.php(692): CodeIgniter\Database\MySQLi\Connection->execute('INSERT INTO `registros` (`Fecha`, `CodigoTipoRegistro`, `CodigoEmpleado`) VALUES (`2023-04-16`,`2`,`1`)')
 3 SYSTEMPATH\Database\BaseConnection.php(606): CodeIgniter\Database\BaseConnection->simpleQuery('INSERT INTO `registros` (`Fecha`, `CodigoTipoRegistro`, `CodigoEmpleado`) VALUES (`2023-04-16`,`2`,`1`)')
 4 APPPATH\Controllers\restEmpleado.php(22): CodeIgniter\Database\BaseConnection->query('INSERT INTO `registros` (`Fecha`, `CodigoTipoRegistro`, `CodigoEmpleado`) VALUES (`2023-04-16`,`2`,`1`)')
 5 SYSTEMPATH\CodeIgniter.php(934): App\Controllers\restEmpleado->index()
 6 SYSTEMPATH\CodeIgniter.php(499): CodeIgniter\CodeIgniter->runController(Object(App\Controllers\restEmpleado))
 7 SYSTEMPATH\CodeIgniter.php(368): CodeIgniter\CodeIgniter->handleRequest(null, Object(Config\Cache), false)
 8 FCPATH\index.php(67): CodeIgniter\CodeIgniter->run()
ERROR - 2023-04-30 01:10:25 --> mysqli_sql_exception: Not unique table/alias: 'registros' in C:\xampp\htdocs\DesafioBeClever\system\Database\MySQLi\Connection.php:295
Stack trace:
#0 C:\xampp\htdocs\DesafioBeClever\system\Database\MySQLi\Connection.php(295): mysqli->query('SELECT *\nFROM `...', 0)
#1 C:\xampp\htdocs\DesafioBeClever\system\Database\BaseConnection.php(692): CodeIgniter\Database\MySQLi\Connection->execute('SELECT *\nFROM `...')
#2 C:\xampp\htdocs\DesafioBeClever\system\Database\BaseConnection.php(606): CodeIgniter\Database\BaseConnection->simpleQuery('SELECT *\nFROM `...')
#3 C:\xampp\htdocs\DesafioBeClever\system\Database\BaseBuilder.php(1616): CodeIgniter\Database\BaseConnection->query('SELECT *\nFROM `...', Array, false)
#4 C:\xampp\htdocs\DesafioBeClever\app\Controllers\restEmpleado.php(22): CodeIgniter\Database\BaseBuilder->get()
#5 C:\xampp\htdocs\DesafioBeClever\system\CodeIgniter.php(934): App\Controllers\restEmpleado->index()
#6 C:\xampp\htdocs\DesafioBeClever\system\CodeIgniter.php(499): CodeIgniter\CodeIgniter->runController(Object(App\Controllers\restEmpleado))
#7 C:\xampp\htdocs\DesafioBeClever\system\CodeIgniter.php(368): CodeIgniter\CodeIgniter->handleRequest(NULL, Object(Config\Cache), false)
#8 C:\xampp\htdocs\DesafioBeClever\index.php(67): CodeIgniter\CodeIgniter->run()
#9 {main}
CRITICAL - 2023-04-30 01:10:25 --> Not unique table/alias: 'registros'
in SYSTEMPATH\Database\MySQLi\Connection.php on line 295.
 1 SYSTEMPATH\Database\MySQLi\Connection.php(295): mysqli->query('SELECT *
FROM `registros`, `registros`', 0)
 2 SYSTEMPATH\Database\BaseConnection.php(692): CodeIgniter\Database\MySQLi\Connection->execute('SELECT *
FROM `registros`, `registros`')
 3 SYSTEMPATH\Database\BaseConnection.php(606): CodeIgniter\Database\BaseConnection->simpleQuery('SELECT *
FROM `registros`, `registros`')
 4 SYSTEMPATH\Database\BaseBuilder.php(1616): CodeIgniter\Database\BaseConnection->query('SELECT *
FROM `registros`, `registros`', [], false)
 5 APPPATH\Controllers\restEmpleado.php(22): CodeIgniter\Database\BaseBuilder->get()
 6 SYSTEMPATH\CodeIgniter.php(934): App\Controllers\restEmpleado->index()
 7 SYSTEMPATH\CodeIgniter.php(499): CodeIgniter\CodeIgniter->runController(Object(App\Controllers\restEmpleado))
 8 SYSTEMPATH\CodeIgniter.php(368): CodeIgniter\CodeIgniter->handleRequest(null, Object(Config\Cache), false)
 9 FCPATH\index.php(67): CodeIgniter\CodeIgniter->run()
CRITICAL - 2023-04-30 01:13:39 --> syntax error, unexpected variable "$query"
in APPPATH\Controllers\restEmpleado.php on line 23.
 1 SYSTEMPATH\Autoloader\Autoloader.php(289): CodeIgniter\Autoloader\Autoloader->includeFile('C:\\xampp\\htdocs\\DesafioBeClever\\app\\Controllers\\restEmpleado.php')
 2 SYSTEMPATH\Autoloader\Autoloader.php(267): CodeIgniter\Autoloader\Autoloader->loadInNamespace('App\\Controllers\\restEmpleado')
 3 [internal function]: CodeIgniter\Autoloader\Autoloader->loadClass('App\\Controllers\\restEmpleado')
 4 SYSTEMPATH\CodeIgniter.php(892): class_exists('\\App\\Controllers\\restEmpleado', true)
 5 SYSTEMPATH\CodeIgniter.php(486): CodeIgniter\CodeIgniter->startController()
 6 SYSTEMPATH\CodeIgniter.php(368): CodeIgniter\CodeIgniter->handleRequest(null, Object(Config\Cache), false)
 7 FCPATH\index.php(67): CodeIgniter\CodeIgniter->run()
CRITICAL - 2023-04-30 01:15:11 --> Call to undefined method CodeIgniter\Database\MySQLi\Builder::between()
in APPPATH\Controllers\restEmpleado.php on line 22.
 1 SYSTEMPATH\CodeIgniter.php(934): App\Controllers\restEmpleado->index()
 2 SYSTEMPATH\CodeIgniter.php(499): CodeIgniter\CodeIgniter->runController(Object(App\Controllers\restEmpleado))
 3 SYSTEMPATH\CodeIgniter.php(368): CodeIgniter\CodeIgniter->handleRequest(null, Object(Config\Cache), false)
 4 FCPATH\index.php(67): CodeIgniter\CodeIgniter->run()
CRITICAL - 2023-04-30 01:22:32 --> Object of class DateTime could not be converted to string
in SYSTEMPATH\Database\Query.php on line 335.
 1 SYSTEMPATH\Database\Query.php(335): strtr('SELECT `e`.`Sexo`, `r`.`Fecha`, `s`.`Sucursal`
FROM `empleados` `e`
JOIN `registros` `r` ON `r`.`CodigoEmpleado` = `e`.`Codigo`
JOIN `sucursales` `s` ON `e`.`CodigoSucursal` = `s`.`Codigo`
WHERE `r`.`Fecha` >= :r.Fecha:
AND `r`.`Fecha` <= :r.Fecha.1:', [...])
 2 SYSTEMPATH\Database\Query.php(310): CodeIgniter\Database\Query->matchNamedBinds('SELECT `e`.`Sexo`, `r`.`Fecha`, `s`.`Sucursal`
FROM `empleados` `e`
JOIN `registros` `r` ON `r`.`CodigoEmpleado` = `e`.`Codigo`
JOIN `sucursales` `s` ON `e`.`CodigoSucursal` = `s`.`Codigo`
WHERE `r`.`Fecha` >= :r.Fecha:
AND `r`.`Fecha` <= :r.Fecha.1:', [...])
 3 SYSTEMPATH\Database\Query.php(159): CodeIgniter\Database\Query->compileBinds()
 4 SYSTEMPATH\Database\BaseConnection.php(606): CodeIgniter\Database\Query->getQuery()
 5 SYSTEMPATH\Database\BaseBuilder.php(1616): CodeIgniter\Database\BaseConnection->query('SELECT `e`.`Sexo`, `r`.`Fecha`, `s`.`Sucursal`
FROM `empleados` `e`
JOIN `registros` `r` ON `r`.`CodigoEmpleado` = `e`.`Codigo`
JOIN `sucursales` `s` ON `e`.`CodigoSucursal` = `s`.`Codigo`
WHERE `r`.`Fecha` >= :r.Fecha:
AND `r`.`Fecha` <= :r.Fecha.1:', [...], false)
 6 APPPATH\Controllers\restEmpleado.php(177): CodeIgniter\Database\BaseBuilder->get()
 7 SYSTEMPATH\CodeIgniter.php(934): App\Controllers\restEmpleado->average()
 8 SYSTEMPATH\CodeIgniter.php(499): CodeIgniter\CodeIgniter->runController(Object(App\Controllers\restEmpleado))
 9 SYSTEMPATH\CodeIgniter.php(368): CodeIgniter\CodeIgniter->handleRequest(null, Object(Config\Cache), false)
10 FCPATH\index.php(67): CodeIgniter\CodeIgniter->run()
CRITICAL - 2023-04-30 02:35:17 --> Call to a member function format() on string
in APPPATH\Controllers\restEmpleado.php on line 146.
 1 SYSTEMPATH\CodeIgniter.php(934): App\Controllers\restEmpleado->average()
 2 SYSTEMPATH\CodeIgniter.php(499): CodeIgniter\CodeIgniter->runController(Object(App\Controllers\restEmpleado))
 3 SYSTEMPATH\CodeIgniter.php(368): CodeIgniter\CodeIgniter->handleRequest(null, Object(Config\Cache), false)
 4 FCPATH\index.php(67): CodeIgniter\CodeIgniter->run()
CRITICAL - 2023-04-30 02:35:53 --> date_diff(): Argument #1 ($baseObject) must be of type DateTimeInterface, string given
in APPPATH\Controllers\restEmpleado.php on line 163.
 1 APPPATH\Controllers\restEmpleado.php(163): date_diff('2023-03-25', '2023-03-26')
 2 SYSTEMPATH\CodeIgniter.php(934): App\Controllers\restEmpleado->average()
 3 SYSTEMPATH\CodeIgniter.php(499): CodeIgniter\CodeIgniter->runController(Object(App\Controllers\restEmpleado))
 4 SYSTEMPATH\CodeIgniter.php(368): CodeIgniter\CodeIgniter->handleRequest(null, Object(Config\Cache), false)
 5 FCPATH\index.php(67): CodeIgniter\CodeIgniter->run()
CRITICAL - 2023-04-30 02:37:03 --> Undefined variable $registrosHombres
in APPPATH\Controllers\restEmpleado.php on line 204.
 1 APPPATH\Controllers\restEmpleado.php(204): CodeIgniter\Debug\Exceptions->errorHandler(2, 'Undefined variable $registrosHombres', 'C:\\xampp\\htdocs\\DesafioBeClever\\app\\Controllers\\restEmpleado.php', 204)
 2 SYSTEMPATH\CodeIgniter.php(934): App\Controllers\restEmpleado->average()
 3 SYSTEMPATH\CodeIgniter.php(499): CodeIgniter\CodeIgniter->runController(Object(App\Controllers\restEmpleado))
 4 SYSTEMPATH\CodeIgniter.php(368): CodeIgniter\CodeIgniter->handleRequest(null, Object(Config\Cache), false)
 5 FCPATH\index.php(67): CodeIgniter\CodeIgniter->run()
CRITICAL - 2023-04-30 02:45:40 --> syntax error, unexpected token "public", expecting end of file
in APPPATH\Models\EmpleadoModel.php on line 23.
 1 SYSTEMPATH\Autoloader\Autoloader.php(289): CodeIgniter\Autoloader\Autoloader->includeFile('C:\\xampp\\htdocs\\DesafioBeClever\\app\\Models\\EmpleadoModel.php')
 2 SYSTEMPATH\Autoloader\Autoloader.php(267): CodeIgniter\Autoloader\Autoloader->loadInNamespace('App\\Models\\EmpleadoModel')
 3 [internal function]: CodeIgniter\Autoloader\Autoloader->loadClass('App\\Models\\EmpleadoModel')
 4 SYSTEMPATH\RESTful\BaseResource.php(63): class_exists('App\\Models\\EmpleadoModel')
 5 SYSTEMPATH\RESTful\BaseResource.php(47): CodeIgniter\RESTful\BaseResource->setModel('App\\Models\\EmpleadoModel')
 6 SYSTEMPATH\CodeIgniter.php(907): CodeIgniter\RESTful\BaseResource->initController(Object(CodeIgniter\HTTP\IncomingRequest), Object(CodeIgniter\HTTP\Response), Object(CodeIgniter\Log\Logger))
 7 SYSTEMPATH\CodeIgniter.php(490): CodeIgniter\CodeIgniter->createController()
 8 SYSTEMPATH\CodeIgniter.php(368): CodeIgniter\CodeIgniter->handleRequest(null, Object(Config\Cache), false)
 9 FCPATH\index.php(67): CodeIgniter\CodeIgniter->run()
CRITICAL - 2023-04-30 02:46:18 --> Undefined variable $fechaDesde
in APPPATH\Models\EmpleadoModel.php on line 27.
 1 APPPATH\Models\EmpleadoModel.php(27): CodeIgniter\Debug\Exceptions->errorHandler(2, 'Undefined variable $fechaDesde', 'C:\\xampp\\htdocs\\DesafioBeClever\\app\\Models\\EmpleadoModel.php', 27)
 2 APPPATH\Controllers\restEmpleado.php(169): App\Models\EmpleadoModel->buscarRegistros(Object(DateTime), Object(DateTime))
 3 SYSTEMPATH\CodeIgniter.php(934): App\Controllers\restEmpleado->average()
 4 SYSTEMPATH\CodeIgniter.php(499): CodeIgniter\CodeIgniter->runController(Object(App\Controllers\restEmpleado))
 5 SYSTEMPATH\CodeIgniter.php(368): CodeIgniter\CodeIgniter->handleRequest(null, Object(Config\Cache), false)
 6 FCPATH\index.php(67): CodeIgniter\CodeIgniter->run()
CRITICAL - 2023-04-30 02:58:37 --> Call to a member function format() on null
in APPPATH\Models\RegistroModel.php on line 27.
 1 APPPATH\Controllers\restEmpleado.php(138): App\Models\RegistroModel->buscarXFechas(null, null, '25-03-2023', '26-05-2023')
 2 SYSTEMPATH\CodeIgniter.php(934): App\Controllers\restEmpleado->search()
 3 SYSTEMPATH\CodeIgniter.php(499): CodeIgniter\CodeIgniter->runController(Object(App\Controllers\restEmpleado))
 4 SYSTEMPATH\CodeIgniter.php(368): CodeIgniter\CodeIgniter->handleRequest(null, Object(Config\Cache), false)
 5 FCPATH\index.php(67): CodeIgniter\CodeIgniter->run()
CRITICAL - 2023-04-30 02:59:13 --> Call to a member function format() on null
in APPPATH\Models\RegistroModel.php on line 27.
 1 APPPATH\Controllers\restEmpleado.php(138): App\Models\RegistroModel->buscarXFechas(null, null, '25-03-2023', '26-05-2023')
 2 SYSTEMPATH\CodeIgniter.php(934): App\Controllers\restEmpleado->search()
 3 SYSTEMPATH\CodeIgniter.php(499): CodeIgniter\CodeIgniter->runController(Object(App\Controllers\restEmpleado))
 4 SYSTEMPATH\CodeIgniter.php(368): CodeIgniter\CodeIgniter->handleRequest(null, Object(Config\Cache), false)
 5 FCPATH\index.php(67): CodeIgniter\CodeIgniter->run()
CRITICAL - 2023-04-30 02:59:15 --> Call to a member function format() on null
in APPPATH\Models\RegistroModel.php on line 27.
 1 APPPATH\Controllers\restEmpleado.php(138): App\Models\RegistroModel->buscarXFechas(null, null, '25-03-2023', '26-05-2023')
 2 SYSTEMPATH\CodeIgniter.php(934): App\Controllers\restEmpleado->search()
 3 SYSTEMPATH\CodeIgniter.php(499): CodeIgniter\CodeIgniter->runController(Object(App\Controllers\restEmpleado))
 4 SYSTEMPATH\CodeIgniter.php(368): CodeIgniter\CodeIgniter->handleRequest(null, Object(Config\Cache), false)
 5 FCPATH\index.php(67): CodeIgniter\CodeIgniter->run()
CRITICAL - 2023-04-30 02:59:44 --> Call to a member function format() on null
in APPPATH\Models\RegistroModel.php on line 27.
 1 APPPATH\Controllers\restEmpleado.php(138): App\Models\RegistroModel->buscarXFechas(null, null, null, null)
 2 SYSTEMPATH\CodeIgniter.php(934): App\Controllers\restEmpleado->search()
 3 SYSTEMPATH\CodeIgniter.php(499): CodeIgniter\CodeIgniter->runController(Object(App\Controllers\restEmpleado))
 4 SYSTEMPATH\CodeIgniter.php(368): CodeIgniter\CodeIgniter->handleRequest(null, Object(Config\Cache), false)
 5 FCPATH\index.php(67): CodeIgniter\CodeIgniter->run()
ERROR - 2023-04-30 03:00:01 --> mysqli_sql_exception: Not unique table/alias: 'e' in C:\xampp\htdocs\DesafioBeClever\system\Database\MySQLi\Connection.php:295
Stack trace:
#0 C:\xampp\htdocs\DesafioBeClever\system\Database\MySQLi\Connection.php(295): mysqli->query('SELECT `e`.`Sex...', 0)
#1 C:\xampp\htdocs\DesafioBeClever\system\Database\BaseConnection.php(692): CodeIgniter\Database\MySQLi\Connection->execute('SELECT `e`.`Sex...')
#2 C:\xampp\htdocs\DesafioBeClever\system\Database\BaseConnection.php(606): CodeIgniter\Database\BaseConnection->simpleQuery('SELECT `e`.`Sex...')
#3 C:\xampp\htdocs\DesafioBeClever\system\Database\BaseBuilder.php(1616): CodeIgniter\Database\BaseConnection->query('SELECT `e`.`Sex...', Array, false)
#4 C:\xampp\htdocs\DesafioBeClever\app\Models\RegistroModel.php(52): CodeIgniter\Database\BaseBuilder->get()
#5 C:\xampp\htdocs\DesafioBeClever\app\Controllers\restEmpleado.php(138): App\Models\RegistroModel->buscarConFiltros(NULL, NULL, NULL, NULL)
#6 C:\xampp\htdocs\DesafioBeClever\system\CodeIgniter.php(934): App\Controllers\restEmpleado->search()
#7 C:\xampp\htdocs\DesafioBeClever\system\CodeIgniter.php(499): CodeIgniter\CodeIgniter->runController(Object(App\Controllers\restEmpleado))
#8 C:\xampp\htdocs\DesafioBeClever\system\CodeIgniter.php(368): CodeIgniter\CodeIgniter->handleRequest(NULL, Object(Config\Cache), false)
#9 C:\xampp\htdocs\DesafioBeClever\index.php(67): CodeIgniter\CodeIgniter->run()
#10 {main}
CRITICAL - 2023-04-30 03:00:01 --> Not unique table/alias: 'e'
in SYSTEMPATH\Database\MySQLi\Connection.php on line 295.
 1 SYSTEMPATH\Database\MySQLi\Connection.php(295): mysqli->query('SELECT `e`.`Sexo`, `r`.`Fecha`, `s`.`Sucursal`
FROM `empleados` `e`
JOIN `empleados` `e` ON `r`.`CodigoEmpleado` = `e`.`Codigo`
JOIN `sucursales` `s` ON `e`.`CodigoSucursal` = `s`.`Codigo`
WHERE `r`.`Fecha` > IS NULL
AND `r`.`Fecha` < IS NULL', 0)
 2 SYSTEMPATH\Database\BaseConnection.php(692): CodeIgniter\Database\MySQLi\Connection->execute('SELECT `e`.`Sexo`, `r`.`Fecha`, `s`.`Sucursal`
FROM `empleados` `e`
JOIN `empleados` `e` ON `r`.`CodigoEmpleado` = `e`.`Codigo`
JOIN `sucursales` `s` ON `e`.`CodigoSucursal` = `s`.`Codigo`
WHERE `r`.`Fecha` > IS NULL
AND `r`.`Fecha` < IS NULL')
 3 SYSTEMPATH\Database\BaseConnection.php(606): CodeIgniter\Database\BaseConnection->simpleQuery('SELECT `e`.`Sexo`, `r`.`Fecha`, `s`.`Sucursal`
FROM `empleados` `e`
JOIN `empleados` `e` ON `r`.`CodigoEmpleado` = `e`.`Codigo`
JOIN `sucursales` `s` ON `e`.`CodigoSucursal` = `s`.`Codigo`
WHERE `r`.`Fecha` > IS NULL
AND `r`.`Fecha` < IS NULL')
 4 SYSTEMPATH\Database\BaseBuilder.php(1616): CodeIgniter\Database\BaseConnection->query('SELECT `e`.`Sexo`, `r`.`Fecha`, `s`.`Sucursal`
FROM `empleados` `e`
JOIN `empleados` `e` ON `r`.`CodigoEmpleado` = `e`.`Codigo`
JOIN `sucursales` `s` ON `e`.`CodigoSucursal` = `s`.`Codigo`
WHERE `r`.`Fecha` > IS NULL
AND `r`.`Fecha` < IS NULL', [], false)
 5 APPPATH\Models\RegistroModel.php(52): CodeIgniter\Database\BaseBuilder->get()
 6 APPPATH\Controllers\restEmpleado.php(138): App\Models\RegistroModel->buscarConFiltros(null, null, null, null)
 7 SYSTEMPATH\CodeIgniter.php(934): App\Controllers\restEmpleado->search()
 8 SYSTEMPATH\CodeIgniter.php(499): CodeIgniter\CodeIgniter->runController(Object(App\Controllers\restEmpleado))
 9 SYSTEMPATH\CodeIgniter.php(368): CodeIgniter\CodeIgniter->handleRequest(null, Object(Config\Cache), false)
10 FCPATH\index.php(67): CodeIgniter\CodeIgniter->run()
ERROR - 2023-04-30 03:00:59 --> mysqli_sql_exception: You have an error in your SQL syntax; check the manual that corresponds to your MariaDB server version for the right syntax to use near 'IS NULL
AND `r`.`Fecha` < IS NULL' at line 5 in C:\xampp\htdocs\DesafioBeClever\system\Database\MySQLi\Connection.php:295
Stack trace:
#0 C:\xampp\htdocs\DesafioBeClever\system\Database\MySQLi\Connection.php(295): mysqli->query('SELECT `e`.`Sex...', 0)
#1 C:\xampp\htdocs\DesafioBeClever\system\Database\BaseConnection.php(692): CodeIgniter\Database\MySQLi\Connection->execute('SELECT `e`.`Sex...')
#2 C:\xampp\htdocs\DesafioBeClever\system\Database\BaseConnection.php(606): CodeIgniter\Database\BaseConnection->simpleQuery('SELECT `e`.`Sex...')
#3 C:\xampp\htdocs\DesafioBeClever\system\Database\BaseBuilder.php(1616): CodeIgniter\Database\BaseConnection->query('SELECT `e`.`Sex...', Array, false)
#4 C:\xampp\htdocs\DesafioBeClever\app\Models\RegistroModel.php(52): CodeIgniter\Database\BaseBuilder->get()
#5 C:\xampp\htdocs\DesafioBeClever\app\Controllers\restEmpleado.php(138): App\Models\RegistroModel->buscarConFiltros(NULL, NULL, NULL, NULL)
#6 C:\xampp\htdocs\DesafioBeClever\system\CodeIgniter.php(934): App\Controllers\restEmpleado->search()
#7 C:\xampp\htdocs\DesafioBeClever\system\CodeIgniter.php(499): CodeIgniter\CodeIgniter->runController(Object(App\Controllers\restEmpleado))
#8 C:\xampp\htdocs\DesafioBeClever\system\CodeIgniter.php(368): CodeIgniter\CodeIgniter->handleRequest(NULL, Object(Config\Cache), false)
#9 C:\xampp\htdocs\DesafioBeClever\index.php(67): CodeIgniter\CodeIgniter->run()
#10 {main}
CRITICAL - 2023-04-30 03:00:59 --> You have an error in your SQL syntax; check the manual that corresponds to your MariaDB server version for the right syntax to use near 'IS NULL
AND `r`.`Fecha` < IS NULL' at line 5
in SYSTEMPATH\Database\MySQLi\Connection.php on line 295.
 1 SYSTEMPATH\Database\MySQLi\Connection.php(295): mysqli->query('SELECT `e`.`Sexo`, `r`.`Fecha`, `s`.`Sucursal`
FROM `registros` `r`
JOIN `empleados` `e` ON `r`.`CodigoEmpleado` = `e`.`Codigo`
JOIN `sucursales` `s` ON `e`.`CodigoSucursal` = `s`.`Codigo`
WHERE `r`.`Fecha` > IS NULL
AND `r`.`Fecha` < IS NULL', 0)
 2 SYSTEMPATH\Database\BaseConnection.php(692): CodeIgniter\Database\MySQLi\Connection->execute('SELECT `e`.`Sexo`, `r`.`Fecha`, `s`.`Sucursal`
FROM `registros` `r`
JOIN `empleados` `e` ON `r`.`CodigoEmpleado` = `e`.`Codigo`
JOIN `sucursales` `s` ON `e`.`CodigoSucursal` = `s`.`Codigo`
WHERE `r`.`Fecha` > IS NULL
AND `r`.`Fecha` < IS NULL')
 3 SYSTEMPATH\Database\BaseConnection.php(606): CodeIgniter\Database\BaseConnection->simpleQuery('SELECT `e`.`Sexo`, `r`.`Fecha`, `s`.`Sucursal`
FROM `registros` `r`
JOIN `empleados` `e` ON `r`.`CodigoEmpleado` = `e`.`Codigo`
JOIN `sucursales` `s` ON `e`.`CodigoSucursal` = `s`.`Codigo`
WHERE `r`.`Fecha` > IS NULL
AND `r`.`Fecha` < IS NULL')
 4 SYSTEMPATH\Database\BaseBuilder.php(1616): CodeIgniter\Database\BaseConnection->query('SELECT `e`.`Sexo`, `r`.`Fecha`, `s`.`Sucursal`
FROM `registros` `r`
JOIN `empleados` `e` ON `r`.`CodigoEmpleado` = `e`.`Codigo`
JOIN `sucursales` `s` ON `e`.`CodigoSucursal` = `s`.`Codigo`
WHERE `r`.`Fecha` > IS NULL
AND `r`.`Fecha` < IS NULL', [], false)
 5 APPPATH\Models\RegistroModel.php(52): CodeIgniter\Database\BaseBuilder->get()
 6 APPPATH\Controllers\restEmpleado.php(138): App\Models\RegistroModel->buscarConFiltros(null, null, null, null)
 7 SYSTEMPATH\CodeIgniter.php(934): App\Controllers\restEmpleado->search()
 8 SYSTEMPATH\CodeIgniter.php(499): CodeIgniter\CodeIgniter->runController(Object(App\Controllers\restEmpleado))
 9 SYSTEMPATH\CodeIgniter.php(368): CodeIgniter\CodeIgniter->handleRequest(null, Object(Config\Cache), false)
10 FCPATH\index.php(67): CodeIgniter\CodeIgniter->run()
ERROR - 2023-04-30 03:02:29 --> mysqli_sql_exception: You have an error in your SQL syntax; check the manual that corresponds to your MariaDB server version for the right syntax to use near 'IS NULL
AND `r`.`Fecha` < IS NULL' at line 5 in C:\xampp\htdocs\DesafioBeClever\system\Database\MySQLi\Connection.php:295
Stack trace:
#0 C:\xampp\htdocs\DesafioBeClever\system\Database\MySQLi\Connection.php(295): mysqli->query('SELECT `e`.`Sex...', 0)
#1 C:\xampp\htdocs\DesafioBeClever\system\Database\BaseConnection.php(692): CodeIgniter\Database\MySQLi\Connection->execute('SELECT `e`.`Sex...')
#2 C:\xampp\htdocs\DesafioBeClever\system\Database\BaseConnection.php(606): CodeIgniter\Database\BaseConnection->simpleQuery('SELECT `e`.`Sex...')
#3 C:\xampp\htdocs\DesafioBeClever\system\Database\BaseBuilder.php(1616): CodeIgniter\Database\BaseConnection->query('SELECT `e`.`Sex...', Array, false)
#4 C:\xampp\htdocs\DesafioBeClever\app\Models\RegistroModel.php(52): CodeIgniter\Database\BaseBuilder->get()
#5 C:\xampp\htdocs\DesafioBeClever\app\Controllers\restEmpleado.php(138): App\Models\RegistroModel->buscarConFiltros(NULL, NULL, NULL, NULL)
#6 C:\xampp\htdocs\DesafioBeClever\system\CodeIgniter.php(934): App\Controllers\restEmpleado->search()
#7 C:\xampp\htdocs\DesafioBeClever\system\CodeIgniter.php(499): CodeIgniter\CodeIgniter->runController(Object(App\Controllers\restEmpleado))
#8 C:\xampp\htdocs\DesafioBeClever\system\CodeIgniter.php(368): CodeIgniter\CodeIgniter->handleRequest(NULL, Object(Config\Cache), false)
#9 C:\xampp\htdocs\DesafioBeClever\index.php(67): CodeIgniter\CodeIgniter->run()
#10 {main}
CRITICAL - 2023-04-30 03:02:29 --> You have an error in your SQL syntax; check the manual that corresponds to your MariaDB server version for the right syntax to use near 'IS NULL
AND `r`.`Fecha` < IS NULL' at line 5
in SYSTEMPATH\Database\MySQLi\Connection.php on line 295.
 1 SYSTEMPATH\Database\MySQLi\Connection.php(295): mysqli->query('SELECT `e`.`Sexo`, `r`.`Fecha`, `s`.`Sucursal`
FROM `registros` `r`
JOIN `empleados` `e` ON `r`.`CodigoEmpleado` = `e`.`Codigo`
JOIN `sucursales` `s` ON `e`.`CodigoSucursal` = `s`.`Codigo`
WHERE `r`.`Fecha` > IS NULL
AND `r`.`Fecha` < IS NULL', 0)
 2 SYSTEMPATH\Database\BaseConnection.php(692): CodeIgniter\Database\MySQLi\Connection->execute('SELECT `e`.`Sexo`, `r`.`Fecha`, `s`.`Sucursal`
FROM `registros` `r`
JOIN `empleados` `e` ON `r`.`CodigoEmpleado` = `e`.`Codigo`
JOIN `sucursales` `s` ON `e`.`CodigoSucursal` = `s`.`Codigo`
WHERE `r`.`Fecha` > IS NULL
AND `r`.`Fecha` < IS NULL')
 3 SYSTEMPATH\Database\BaseConnection.php(606): CodeIgniter\Database\BaseConnection->simpleQuery('SELECT `e`.`Sexo`, `r`.`Fecha`, `s`.`Sucursal`
FROM `registros` `r`
JOIN `empleados` `e` ON `r`.`CodigoEmpleado` = `e`.`Codigo`
JOIN `sucursales` `s` ON `e`.`CodigoSucursal` = `s`.`Codigo`
WHERE `r`.`Fecha` > IS NULL
AND `r`.`Fecha` < IS NULL')
 4 SYSTEMPATH\Database\BaseBuilder.php(1616): CodeIgniter\Database\BaseConnection->query('SELECT `e`.`Sexo`, `r`.`Fecha`, `s`.`Sucursal`
FROM `registros` `r`
JOIN `empleados` `e` ON `r`.`CodigoEmpleado` = `e`.`Codigo`
JOIN `sucursales` `s` ON `e`.`CodigoSucursal` = `s`.`Codigo`
WHERE `r`.`Fecha` > IS NULL
AND `r`.`Fecha` < IS NULL', [], false)
 5 APPPATH\Models\RegistroModel.php(52): CodeIgniter\Database\BaseBuilder->get()
 6 APPPATH\Controllers\restEmpleado.php(138): App\Models\RegistroModel->buscarConFiltros(null, null, null, null)
 7 SYSTEMPATH\CodeIgniter.php(934): App\Controllers\restEmpleado->search()
 8 SYSTEMPATH\CodeIgniter.php(499): CodeIgniter\CodeIgniter->runController(Object(App\Controllers\restEmpleado))
 9 SYSTEMPATH\CodeIgniter.php(368): CodeIgniter\CodeIgniter->handleRequest(null, Object(Config\Cache), false)
10 FCPATH\index.php(67): CodeIgniter\CodeIgniter->run()
ERROR - 2023-04-30 03:03:30 --> mysqli_sql_exception: You have an error in your SQL syntax; check the manual that corresponds to your MariaDB server version for the right syntax to use near 'IS NULL
AND `r`.`Fecha` < IS NULL' at line 5 in C:\xampp\htdocs\DesafioBeClever\system\Database\MySQLi\Connection.php:295
Stack trace:
#0 C:\xampp\htdocs\DesafioBeClever\system\Database\MySQLi\Connection.php(295): mysqli->query('SELECT `e`.`Sex...', 0)
#1 C:\xampp\htdocs\DesafioBeClever\system\Database\BaseConnection.php(692): CodeIgniter\Database\MySQLi\Connection->execute('SELECT `e`.`Sex...')
#2 C:\xampp\htdocs\DesafioBeClever\system\Database\BaseConnection.php(606): CodeIgniter\Database\BaseConnection->simpleQuery('SELECT `e`.`Sex...')
#3 C:\xampp\htdocs\DesafioBeClever\system\Database\BaseBuilder.php(1616): CodeIgniter\Database\BaseConnection->query('SELECT `e`.`Sex...', Array, false)
#4 C:\xampp\htdocs\DesafioBeClever\app\Models\RegistroModel.php(52): CodeIgniter\Database\BaseBuilder->get()
#5 C:\xampp\htdocs\DesafioBeClever\app\Controllers\restEmpleado.php(138): App\Models\RegistroModel->buscarConFiltros(NULL, NULL, NULL, NULL)
#6 C:\xampp\htdocs\DesafioBeClever\system\CodeIgniter.php(934): App\Controllers\restEmpleado->search()
#7 C:\xampp\htdocs\DesafioBeClever\system\CodeIgniter.php(499): CodeIgniter\CodeIgniter->runController(Object(App\Controllers\restEmpleado))
#8 C:\xampp\htdocs\DesafioBeClever\system\CodeIgniter.php(368): CodeIgniter\CodeIgniter->handleRequest(NULL, Object(Config\Cache), false)
#9 C:\xampp\htdocs\DesafioBeClever\index.php(67): CodeIgniter\CodeIgniter->run()
#10 {main}
CRITICAL - 2023-04-30 03:03:30 --> You have an error in your SQL syntax; check the manual that corresponds to your MariaDB server version for the right syntax to use near 'IS NULL
AND `r`.`Fecha` < IS NULL' at line 5
in SYSTEMPATH\Database\MySQLi\Connection.php on line 295.
 1 SYSTEMPATH\Database\MySQLi\Connection.php(295): mysqli->query('SELECT `e`.`Sexo`, `r`.`Fecha`, `s`.`Sucursal`
FROM `registros` `r`
JOIN `empleados` `e` ON `r`.`CodigoEmpleado` = `e`.`Codigo`
JOIN `sucursales` `s` ON `e`.`CodigoSucursal` = `s`.`Codigo`
WHERE `r`.`Fecha` > IS NULL
AND `r`.`Fecha` < IS NULL', 0)
 2 SYSTEMPATH\Database\BaseConnection.php(692): CodeIgniter\Database\MySQLi\Connection->execute('SELECT `e`.`Sexo`, `r`.`Fecha`, `s`.`Sucursal`
FROM `registros` `r`
JOIN `empleados` `e` ON `r`.`CodigoEmpleado` = `e`.`Codigo`
JOIN `sucursales` `s` ON `e`.`CodigoSucursal` = `s`.`Codigo`
WHERE `r`.`Fecha` > IS NULL
AND `r`.`Fecha` < IS NULL')
 3 SYSTEMPATH\Database\BaseConnection.php(606): CodeIgniter\Database\BaseConnection->simpleQuery('SELECT `e`.`Sexo`, `r`.`Fecha`, `s`.`Sucursal`
FROM `registros` `r`
JOIN `empleados` `e` ON `r`.`CodigoEmpleado` = `e`.`Codigo`
JOIN `sucursales` `s` ON `e`.`CodigoSucursal` = `s`.`Codigo`
WHERE `r`.`Fecha` > IS NULL
AND `r`.`Fecha` < IS NULL')
 4 SYSTEMPATH\Database\BaseBuilder.php(1616): CodeIgniter\Database\BaseConnection->query('SELECT `e`.`Sexo`, `r`.`Fecha`, `s`.`Sucursal`
FROM `registros` `r`
JOIN `empleados` `e` ON `r`.`CodigoEmpleado` = `e`.`Codigo`
JOIN `sucursales` `s` ON `e`.`CodigoSucursal` = `s`.`Codigo`
WHERE `r`.`Fecha` > IS NULL
AND `r`.`Fecha` < IS NULL', [], false)
 5 APPPATH\Models\RegistroModel.php(52): CodeIgniter\Database\BaseBuilder->get()
 6 APPPATH\Controllers\restEmpleado.php(138): App\Models\RegistroModel->buscarConFiltros(null, null, null, null)
 7 SYSTEMPATH\CodeIgniter.php(934): App\Controllers\restEmpleado->search()
 8 SYSTEMPATH\CodeIgniter.php(499): CodeIgniter\CodeIgniter->runController(Object(App\Controllers\restEmpleado))
 9 SYSTEMPATH\CodeIgniter.php(368): CodeIgniter\CodeIgniter->handleRequest(null, Object(Config\Cache), false)
10 FCPATH\index.php(67): CodeIgniter\CodeIgniter->run()
ERROR - 2023-04-30 03:04:10 --> mysqli_sql_exception: You have an error in your SQL syntax; check the manual that corresponds to your MariaDB server version for the right syntax to use near 'IS NULL
AND `r`.`Fecha` < IS NULL' at line 5 in C:\xampp\htdocs\DesafioBeClever\system\Database\MySQLi\Connection.php:295
Stack trace:
#0 C:\xampp\htdocs\DesafioBeClever\system\Database\MySQLi\Connection.php(295): mysqli->query('SELECT `e`.`Sex...', 0)
#1 C:\xampp\htdocs\DesafioBeClever\system\Database\BaseConnection.php(692): CodeIgniter\Database\MySQLi\Connection->execute('SELECT `e`.`Sex...')
#2 C:\xampp\htdocs\DesafioBeClever\system\Database\BaseConnection.php(606): CodeIgniter\Database\BaseConnection->simpleQuery('SELECT `e`.`Sex...')
#3 C:\xampp\htdocs\DesafioBeClever\system\Database\BaseBuilder.php(1616): CodeIgniter\Database\BaseConnection->query('SELECT `e`.`Sex...', Array, false)
#4 C:\xampp\htdocs\DesafioBeClever\app\Models\RegistroModel.php(52): CodeIgniter\Database\BaseBuilder->get()
#5 C:\xampp\htdocs\DesafioBeClever\app\Controllers\restEmpleado.php(138): App\Models\RegistroModel->buscarConFiltros(NULL, NULL, NULL, NULL)
#6 C:\xampp\htdocs\DesafioBeClever\system\CodeIgniter.php(934): App\Controllers\restEmpleado->search()
#7 C:\xampp\htdocs\DesafioBeClever\system\CodeIgniter.php(499): CodeIgniter\CodeIgniter->runController(Object(App\Controllers\restEmpleado))
#8 C:\xampp\htdocs\DesafioBeClever\system\CodeIgniter.php(368): CodeIgniter\CodeIgniter->handleRequest(NULL, Object(Config\Cache), false)
#9 C:\xampp\htdocs\DesafioBeClever\index.php(67): CodeIgniter\CodeIgniter->run()
#10 {main}
CRITICAL - 2023-04-30 03:04:10 --> You have an error in your SQL syntax; check the manual that corresponds to your MariaDB server version for the right syntax to use near 'IS NULL
AND `r`.`Fecha` < IS NULL' at line 5
in SYSTEMPATH\Database\MySQLi\Connection.php on line 295.
 1 SYSTEMPATH\Database\MySQLi\Connection.php(295): mysqli->query('SELECT `e`.`Sexo`, `r`.`Fecha`, `s`.`Sucursal`
FROM `registros` `r`
JOIN `empleados` `e` ON `r`.`CodigoEmpleado` = `e`.`Codigo`
JOIN `sucursales` `s` ON `e`.`CodigoSucursal` = `s`.`Codigo`
WHERE `r`.`Fecha` > IS NULL
AND `r`.`Fecha` < IS NULL', 0)
 2 SYSTEMPATH\Database\BaseConnection.php(692): CodeIgniter\Database\MySQLi\Connection->execute('SELECT `e`.`Sexo`, `r`.`Fecha`, `s`.`Sucursal`
FROM `registros` `r`
JOIN `empleados` `e` ON `r`.`CodigoEmpleado` = `e`.`Codigo`
JOIN `sucursales` `s` ON `e`.`CodigoSucursal` = `s`.`Codigo`
WHERE `r`.`Fecha` > IS NULL
AND `r`.`Fecha` < IS NULL')
 3 SYSTEMPATH\Database\BaseConnection.php(606): CodeIgniter\Database\BaseConnection->simpleQuery('SELECT `e`.`Sexo`, `r`.`Fecha`, `s`.`Sucursal`
FROM `registros` `r`
JOIN `empleados` `e` ON `r`.`CodigoEmpleado` = `e`.`Codigo`
JOIN `sucursales` `s` ON `e`.`CodigoSucursal` = `s`.`Codigo`
WHERE `r`.`Fecha` > IS NULL
AND `r`.`Fecha` < IS NULL')
 4 SYSTEMPATH\Database\BaseBuilder.php(1616): CodeIgniter\Database\BaseConnection->query('SELECT `e`.`Sexo`, `r`.`Fecha`, `s`.`Sucursal`
FROM `registros` `r`
JOIN `empleados` `e` ON `r`.`CodigoEmpleado` = `e`.`Codigo`
JOIN `sucursales` `s` ON `e`.`CodigoSucursal` = `s`.`Codigo`
WHERE `r`.`Fecha` > IS NULL
AND `r`.`Fecha` < IS NULL', [], false)
 5 APPPATH\Models\RegistroModel.php(52): CodeIgniter\Database\BaseBuilder->get()
 6 APPPATH\Controllers\restEmpleado.php(138): App\Models\RegistroModel->buscarConFiltros(null, null, null, null)
 7 SYSTEMPATH\CodeIgniter.php(934): App\Controllers\restEmpleado->search()
 8 SYSTEMPATH\CodeIgniter.php(499): CodeIgniter\CodeIgniter->runController(Object(App\Controllers\restEmpleado))
 9 SYSTEMPATH\CodeIgniter.php(368): CodeIgniter\CodeIgniter->handleRequest(null, Object(Config\Cache), false)
10 FCPATH\index.php(67): CodeIgniter\CodeIgniter->run()
CRITICAL - 2023-04-30 03:04:30 --> Call to a member function format() on null
in APPPATH\Models\RegistroModel.php on line 47.
 1 APPPATH\Controllers\restEmpleado.php(138): App\Models\RegistroModel->buscarConFiltros(null, null, null, null)
 2 SYSTEMPATH\CodeIgniter.php(934): App\Controllers\restEmpleado->search()
 3 SYSTEMPATH\CodeIgniter.php(499): CodeIgniter\CodeIgniter->runController(Object(App\Controllers\restEmpleado))
 4 SYSTEMPATH\CodeIgniter.php(368): CodeIgniter\CodeIgniter->handleRequest(null, Object(Config\Cache), false)
 5 FCPATH\index.php(67): CodeIgniter\CodeIgniter->run()
WARNING - 2023-04-30 03:05:02 --> [DEPRECATED] date_create(): Passing null to parameter #1 ($datetime) of type string is deprecated in APPPATH\Controllers\restEmpleado.php on line 138.
 1 APPPATH\Controllers\restEmpleado.php(138): date_create(null)
 2 SYSTEMPATH\CodeIgniter.php(934): App\Controllers\restEmpleado->search()
 3 SYSTEMPATH\CodeIgniter.php(499): CodeIgniter\CodeIgniter->runController(Object(App\Controllers\restEmpleado))
 4 SYSTEMPATH\CodeIgniter.php(368): CodeIgniter\CodeIgniter->handleRequest(null, Object(Config\Cache), false)
 5 FCPATH\index.php(67): CodeIgniter\CodeIgniter->run()
WARNING - 2023-04-30 03:05:02 --> [DEPRECATED] date_create(): Passing null to parameter #1 ($datetime) of type string is deprecated in APPPATH\Controllers\restEmpleado.php on line 139.
 1 APPPATH\Controllers\restEmpleado.php(139): date_create(null)
 2 SYSTEMPATH\CodeIgniter.php(934): App\Controllers\restEmpleado->search()
 3 SYSTEMPATH\CodeIgniter.php(499): CodeIgniter\CodeIgniter->runController(Object(App\Controllers\restEmpleado))
 4 SYSTEMPATH\CodeIgniter.php(368): CodeIgniter\CodeIgniter->handleRequest(null, Object(Config\Cache), false)
 5 FCPATH\index.php(67): CodeIgniter\CodeIgniter->run()
WARNING - 2023-04-30 03:05:35 --> [DEPRECATED] date_create(): Passing null to parameter #1 ($datetime) of type string is deprecated in APPPATH\Controllers\restEmpleado.php on line 138.
 1 APPPATH\Controllers\restEmpleado.php(138): date_create(null)
 2 SYSTEMPATH\CodeIgniter.php(934): App\Controllers\restEmpleado->search()
 3 SYSTEMPATH\CodeIgniter.php(499): CodeIgniter\CodeIgniter->runController(Object(App\Controllers\restEmpleado))
 4 SYSTEMPATH\CodeIgniter.php(368): CodeIgniter\CodeIgniter->handleRequest(null, Object(Config\Cache), false)
 5 FCPATH\index.php(67): CodeIgniter\CodeIgniter->run()
WARNING - 2023-04-30 03:05:35 --> [DEPRECATED] date_create(): Passing null to parameter #1 ($datetime) of type string is deprecated in APPPATH\Controllers\restEmpleado.php on line 139.
 1 APPPATH\Controllers\restEmpleado.php(139): date_create(null)
 2 SYSTEMPATH\CodeIgniter.php(934): App\Controllers\restEmpleado->search()
 3 SYSTEMPATH\CodeIgniter.php(499): CodeIgniter\CodeIgniter->runController(Object(App\Controllers\restEmpleado))
 4 SYSTEMPATH\CodeIgniter.php(368): CodeIgniter\CodeIgniter->handleRequest(null, Object(Config\Cache), false)
 5 FCPATH\index.php(67): CodeIgniter\CodeIgniter->run()
WARNING - 2023-04-30 03:06:12 --> [DEPRECATED] date_create(): Passing null to parameter #1 ($datetime) of type string is deprecated in APPPATH\Controllers\restEmpleado.php on line 138.
 1 APPPATH\Controllers\restEmpleado.php(138): date_create(null)
 2 SYSTEMPATH\CodeIgniter.php(934): App\Controllers\restEmpleado->search()
 3 SYSTEMPATH\CodeIgniter.php(499): CodeIgniter\CodeIgniter->runController(Object(App\Controllers\restEmpleado))
 4 SYSTEMPATH\CodeIgniter.php(368): CodeIgniter\CodeIgniter->handleRequest(null, Object(Config\Cache), false)
 5 FCPATH\index.php(67): CodeIgniter\CodeIgniter->run()
WARNING - 2023-04-30 03:06:12 --> [DEPRECATED] date_create(): Passing null to parameter #1 ($datetime) of type string is deprecated in APPPATH\Controllers\restEmpleado.php on line 139.
 1 APPPATH\Controllers\restEmpleado.php(139): date_create(null)
 2 SYSTEMPATH\CodeIgniter.php(934): App\Controllers\restEmpleado->search()
 3 SYSTEMPATH\CodeIgniter.php(499): CodeIgniter\CodeIgniter->runController(Object(App\Controllers\restEmpleado))
 4 SYSTEMPATH\CodeIgniter.php(368): CodeIgniter\CodeIgniter->handleRequest(null, Object(Config\Cache), false)
 5 FCPATH\index.php(67): CodeIgniter\CodeIgniter->run()
WARNING - 2023-04-30 03:06:46 --> [DEPRECATED] date_create(): Passing null to parameter #1 ($datetime) of type string is deprecated in APPPATH\Controllers\restEmpleado.php on line 140.
 1 APPPATH\Controllers\restEmpleado.php(140): date_create(null)
 2 SYSTEMPATH\CodeIgniter.php(934): App\Controllers\restEmpleado->search()
 3 SYSTEMPATH\CodeIgniter.php(499): CodeIgniter\CodeIgniter->runController(Object(App\Controllers\restEmpleado))
 4 SYSTEMPATH\CodeIgniter.php(368): CodeIgniter\CodeIgniter->handleRequest(null, Object(Config\Cache), false)
 5 FCPATH\index.php(67): CodeIgniter\CodeIgniter->run()
WARNING - 2023-04-30 03:06:46 --> [DEPRECATED] date_create(): Passing null to parameter #1 ($datetime) of type string is deprecated in APPPATH\Controllers\restEmpleado.php on line 141.
 1 APPPATH\Controllers\restEmpleado.php(141): date_create(null)
 2 SYSTEMPATH\CodeIgniter.php(934): App\Controllers\restEmpleado->search()
 3 SYSTEMPATH\CodeIgniter.php(499): CodeIgniter\CodeIgniter->runController(Object(App\Controllers\restEmpleado))
 4 SYSTEMPATH\CodeIgniter.php(368): CodeIgniter\CodeIgniter->handleRequest(null, Object(Config\Cache), false)
 5 FCPATH\index.php(67): CodeIgniter\CodeIgniter->run()
WARNING - 2023-04-30 03:07:21 --> [DEPRECATED] date_create(): Passing null to parameter #1 ($datetime) of type string is deprecated in APPPATH\Controllers\restEmpleado.php on line 140.
 1 APPPATH\Controllers\restEmpleado.php(140): date_create(null)
 2 SYSTEMPATH\CodeIgniter.php(934): App\Controllers\restEmpleado->search()
 3 SYSTEMPATH\CodeIgniter.php(499): CodeIgniter\CodeIgniter->runController(Object(App\Controllers\restEmpleado))
 4 SYSTEMPATH\CodeIgniter.php(368): CodeIgniter\CodeIgniter->handleRequest(null, Object(Config\Cache), false)
 5 FCPATH\index.php(67): CodeIgniter\CodeIgniter->run()
WARNING - 2023-04-30 03:07:21 --> [DEPRECATED] date_create(): Passing null to parameter #1 ($datetime) of type string is deprecated in APPPATH\Controllers\restEmpleado.php on line 141.
 1 APPPATH\Controllers\restEmpleado.php(141): date_create(null)
 2 SYSTEMPATH\CodeIgniter.php(934): App\Controllers\restEmpleado->search()
 3 SYSTEMPATH\CodeIgniter.php(499): CodeIgniter\CodeIgniter->runController(Object(App\Controllers\restEmpleado))
 4 SYSTEMPATH\CodeIgniter.php(368): CodeIgniter\CodeIgniter->handleRequest(null, Object(Config\Cache), false)
 5 FCPATH\index.php(67): CodeIgniter\CodeIgniter->run()
CRITICAL - 2023-04-30 03:21:33 --> syntax error, unexpected token "=", expecting ")"
in APPPATH\Controllers\restEmpleado.php on line 146.
 1 SYSTEMPATH\Autoloader\Autoloader.php(289): CodeIgniter\Autoloader\Autoloader->includeFile('C:\\xampp\\htdocs\\DesafioBeClever\\app\\Controllers\\restEmpleado.php')
 2 SYSTEMPATH\Autoloader\Autoloader.php(267): CodeIgniter\Autoloader\Autoloader->loadInNamespace('App\\Controllers\\restEmpleado')
 3 [internal function]: CodeIgniter\Autoloader\Autoloader->loadClass('App\\Controllers\\restEmpleado')
 4 SYSTEMPATH\CodeIgniter.php(892): class_exists('\\App\\Controllers\\restEmpleado', true)
 5 SYSTEMPATH\CodeIgniter.php(486): CodeIgniter\CodeIgniter->startController()
 6 SYSTEMPATH\CodeIgniter.php(368): CodeIgniter\CodeIgniter->handleRequest(null, Object(Config\Cache), false)
 7 FCPATH\index.php(67): CodeIgniter\CodeIgniter->run()
WARNING - 2023-04-30 03:30:42 --> [DEPRECATED] date_create(): Passing null to parameter #1 ($datetime) of type string is deprecated in APPPATH\Controllers\restEmpleado.php on line 41.
 1 APPPATH\Controllers\restEmpleado.php(41): date_create(null)
 2 SYSTEMPATH\CodeIgniter.php(934): App\Controllers\restEmpleado->register()
 3 SYSTEMPATH\CodeIgniter.php(499): CodeIgniter\CodeIgniter->runController(Object(App\Controllers\restEmpleado))
 4 SYSTEMPATH\CodeIgniter.php(368): CodeIgniter\CodeIgniter->handleRequest(null, Object(Config\Cache), false)
 5 FCPATH\index.php(67): CodeIgniter\CodeIgniter->run()
WARNING - 2023-04-30 03:30:42 --> [DEPRECATED] strtolower(): Passing null to parameter #1 ($string) of type string is deprecated in APPPATH\Controllers\restEmpleado.php on line 112.
 1 APPPATH\Controllers\restEmpleado.php(112): strtolower(null)
 2 APPPATH\Controllers\restEmpleado.php(44): App\Controllers\restEmpleado->tipoRegistro(null)
 3 SYSTEMPATH\CodeIgniter.php(934): App\Controllers\restEmpleado->register()
 4 SYSTEMPATH\CodeIgniter.php(499): CodeIgniter\CodeIgniter->runController(Object(App\Controllers\restEmpleado))
 5 SYSTEMPATH\CodeIgniter.php(368): CodeIgniter\CodeIgniter->handleRequest(null, Object(Config\Cache), false)
 6 FCPATH\index.php(67): CodeIgniter\CodeIgniter->run()
CRITICAL - 2023-04-30 03:40:47 --> Cannot redeclare App\Controllers\restEmpleado::register()
in APPPATH\Controllers\restEmpleado.php on line 83.
 1 [internal function]: CodeIgniter\Debug\Exceptions->shutdownHandler()
WARNING - 2023-04-30 03:45:07 --> [DEPRECATED] date_create(): Passing null to parameter #1 ($datetime) of type string is deprecated in APPPATH\Controllers\restEmpleado.php on line 94.
 1 APPPATH\Controllers\restEmpleado.php(94): date_create(null)
 2 SYSTEMPATH\CodeIgniter.php(934): App\Controllers\restEmpleado->register()
 3 SYSTEMPATH\CodeIgniter.php(499): CodeIgniter\CodeIgniter->runController(Object(App\Controllers\restEmpleado))
 4 SYSTEMPATH\CodeIgniter.php(368): CodeIgniter\CodeIgniter->handleRequest(null, Object(Config\Cache), false)
 5 FCPATH\index.php(67): CodeIgniter\CodeIgniter->run()
WARNING - 2023-04-30 03:45:07 --> [DEPRECATED] strtolower(): Passing null to parameter #1 ($string) of type string is deprecated in APPPATH\Controllers\restEmpleado.php on line 165.
 1 APPPATH\Controllers\restEmpleado.php(165): strtolower(null)
 2 APPPATH\Controllers\restEmpleado.php(97): App\Controllers\restEmpleado->tipoRegistro(null)
 3 SYSTEMPATH\CodeIgniter.php(934): App\Controllers\restEmpleado->register()
 4 SYSTEMPATH\CodeIgniter.php(499): CodeIgniter\CodeIgniter->runController(Object(App\Controllers\restEmpleado))
 5 SYSTEMPATH\CodeIgniter.php(368): CodeIgniter\CodeIgniter->handleRequest(null, Object(Config\Cache), false)
 6 FCPATH\index.php(67): CodeIgniter\CodeIgniter->run()
WARNING - 2023-04-30 04:20:31 --> [DEPRECATED] date_create(): Passing null to parameter #1 ($datetime) of type string is deprecated in APPPATH\Controllers\restEmpleado.php on line 29.
 1 APPPATH\Controllers\restEmpleado.php(29): date_create(null)
 2 SYSTEMPATH\CodeIgniter.php(934): App\Controllers\restEmpleado->register()
 3 SYSTEMPATH\CodeIgniter.php(499): CodeIgniter\CodeIgniter->runController(Object(App\Controllers\restEmpleado))
 4 SYSTEMPATH\CodeIgniter.php(368): CodeIgniter\CodeIgniter->handleRequest(null, Object(Config\Cache), false)
 5 FCPATH\index.php(67): CodeIgniter\CodeIgniter->run()
WARNING - 2023-04-30 04:20:31 --> [DEPRECATED] strtolower(): Passing null to parameter #1 ($string) of type string is deprecated in APPPATH\Controllers\restEmpleado.php on line 100.
 1 APPPATH\Controllers\restEmpleado.php(100): strtolower(null)
 2 APPPATH\Controllers\restEmpleado.php(32): App\Controllers\restEmpleado->tipoRegistro(null)
 3 SYSTEMPATH\CodeIgniter.php(934): App\Controllers\restEmpleado->register()
 4 SYSTEMPATH\CodeIgniter.php(499): CodeIgniter\CodeIgniter->runController(Object(App\Controllers\restEmpleado))
 5 SYSTEMPATH\CodeIgniter.php(368): CodeIgniter\CodeIgniter->handleRequest(null, Object(Config\Cache), false)
 6 FCPATH\index.php(67): CodeIgniter\CodeIgniter->run()
WARNING - 2023-04-30 04:20:47 --> [DEPRECATED] date_create(): Passing null to parameter #1 ($datetime) of type string is deprecated in APPPATH\Controllers\restEmpleado.php on line 29.
 1 APPPATH\Controllers\restEmpleado.php(29): date_create(null)
 2 SYSTEMPATH\CodeIgniter.php(934): App\Controllers\restEmpleado->register()
 3 SYSTEMPATH\CodeIgniter.php(499): CodeIgniter\CodeIgniter->runController(Object(App\Controllers\restEmpleado))
 4 SYSTEMPATH\CodeIgniter.php(368): CodeIgniter\CodeIgniter->handleRequest(null, Object(Config\Cache), false)
 5 FCPATH\index.php(67): CodeIgniter\CodeIgniter->run()
WARNING - 2023-04-30 04:20:47 --> [DEPRECATED] strtolower(): Passing null to parameter #1 ($string) of type string is deprecated in APPPATH\Controllers\restEmpleado.php on line 100.
 1 APPPATH\Controllers\restEmpleado.php(100): strtolower(null)
 2 APPPATH\Controllers\restEmpleado.php(32): App\Controllers\restEmpleado->tipoRegistro(null)
 3 SYSTEMPATH\CodeIgniter.php(934): App\Controllers\restEmpleado->register()
 4 SYSTEMPATH\CodeIgniter.php(499): CodeIgniter\CodeIgniter->runController(Object(App\Controllers\restEmpleado))
 5 SYSTEMPATH\CodeIgniter.php(368): CodeIgniter\CodeIgniter->handleRequest(null, Object(Config\Cache), false)
 6 FCPATH\index.php(67): CodeIgniter\CodeIgniter->run()
WARNING - 2023-04-30 04:21:10 --> [DEPRECATED] date_create(): Passing null to parameter #1 ($datetime) of type string is deprecated in APPPATH\Controllers\restEmpleado.php on line 29.
 1 APPPATH\Controllers\restEmpleado.php(29): date_create(null)
 2 SYSTEMPATH\CodeIgniter.php(934): App\Controllers\restEmpleado->register()
 3 SYSTEMPATH\CodeIgniter.php(499): CodeIgniter\CodeIgniter->runController(Object(App\Controllers\restEmpleado))
 4 SYSTEMPATH\CodeIgniter.php(368): CodeIgniter\CodeIgniter->handleRequest(null, Object(Config\Cache), false)
 5 FCPATH\index.php(67): CodeIgniter\CodeIgniter->run()
WARNING - 2023-04-30 04:21:10 --> [DEPRECATED] strtolower(): Passing null to parameter #1 ($string) of type string is deprecated in APPPATH\Controllers\restEmpleado.php on line 100.
 1 APPPATH\Controllers\restEmpleado.php(100): strtolower(null)
 2 APPPATH\Controllers\restEmpleado.php(32): App\Controllers\restEmpleado->tipoRegistro(null)
 3 SYSTEMPATH\CodeIgniter.php(934): App\Controllers\restEmpleado->register()
 4 SYSTEMPATH\CodeIgniter.php(499): CodeIgniter\CodeIgniter->runController(Object(App\Controllers\restEmpleado))
 5 SYSTEMPATH\CodeIgniter.php(368): CodeIgniter\CodeIgniter->handleRequest(null, Object(Config\Cache), false)
 6 FCPATH\index.php(67): CodeIgniter\CodeIgniter->run()
WARNING - 2023-04-30 04:24:55 --> [DEPRECATED] date_create(): Passing null to parameter #1 ($datetime) of type string is deprecated in APPPATH\Controllers\restEmpleado.php on line 29.
 1 APPPATH\Controllers\restEmpleado.php(29): date_create(null)
 2 SYSTEMPATH\CodeIgniter.php(934): App\Controllers\restEmpleado->register()
 3 SYSTEMPATH\CodeIgniter.php(499): CodeIgniter\CodeIgniter->runController(Object(App\Controllers\restEmpleado))
 4 SYSTEMPATH\CodeIgniter.php(368): CodeIgniter\CodeIgniter->handleRequest(null, Object(Config\Cache), false)
 5 FCPATH\index.php(67): CodeIgniter\CodeIgniter->run()
WARNING - 2023-04-30 04:24:55 --> [DEPRECATED] strtolower(): Passing null to parameter #1 ($string) of type string is deprecated in APPPATH\Controllers\restEmpleado.php on line 101.
 1 APPPATH\Controllers\restEmpleado.php(101): strtolower(null)
 2 APPPATH\Controllers\restEmpleado.php(32): App\Controllers\restEmpleado->tipoRegistro(null)
 3 SYSTEMPATH\CodeIgniter.php(934): App\Controllers\restEmpleado->register()
 4 SYSTEMPATH\CodeIgniter.php(499): CodeIgniter\CodeIgniter->runController(Object(App\Controllers\restEmpleado))
 5 SYSTEMPATH\CodeIgniter.php(368): CodeIgniter\CodeIgniter->handleRequest(null, Object(Config\Cache), false)
 6 FCPATH\index.php(67): CodeIgniter\CodeIgniter->run()
WARNING - 2023-04-30 04:25:11 --> [DEPRECATED] date_create(): Passing null to parameter #1 ($datetime) of type string is deprecated in APPPATH\Controllers\restEmpleado.php on line 29.
 1 APPPATH\Controllers\restEmpleado.php(29): date_create(null)
 2 SYSTEMPATH\CodeIgniter.php(934): App\Controllers\restEmpleado->register()
 3 SYSTEMPATH\CodeIgniter.php(499): CodeIgniter\CodeIgniter->runController(Object(App\Controllers\restEmpleado))
 4 SYSTEMPATH\CodeIgniter.php(368): CodeIgniter\CodeIgniter->handleRequest(null, Object(Config\Cache), false)
 5 FCPATH\index.php(67): CodeIgniter\CodeIgniter->run()
WARNING - 2023-04-30 04:25:11 --> [DEPRECATED] strtolower(): Passing null to parameter #1 ($string) of type string is deprecated in APPPATH\Controllers\restEmpleado.php on line 102.
 1 APPPATH\Controllers\restEmpleado.php(102): strtolower(null)
 2 APPPATH\Controllers\restEmpleado.php(33): App\Controllers\restEmpleado->tipoRegistro(null)
 3 SYSTEMPATH\CodeIgniter.php(934): App\Controllers\restEmpleado->register()
 4 SYSTEMPATH\CodeIgniter.php(499): CodeIgniter\CodeIgniter->runController(Object(App\Controllers\restEmpleado))
 5 SYSTEMPATH\CodeIgniter.php(368): CodeIgniter\CodeIgniter->handleRequest(null, Object(Config\Cache), false)
 6 FCPATH\index.php(67): CodeIgniter\CodeIgniter->run()
WARNING - 2023-04-30 04:25:20 --> [DEPRECATED] date_create(): Passing null to parameter #1 ($datetime) of type string is deprecated in APPPATH\Controllers\restEmpleado.php on line 29.
 1 APPPATH\Controllers\restEmpleado.php(29): date_create(null)
 2 SYSTEMPATH\CodeIgniter.php(934): App\Controllers\restEmpleado->register()
 3 SYSTEMPATH\CodeIgniter.php(499): CodeIgniter\CodeIgniter->runController(Object(App\Controllers\restEmpleado))
 4 SYSTEMPATH\CodeIgniter.php(368): CodeIgniter\CodeIgniter->handleRequest(null, Object(Config\Cache), false)
 5 FCPATH\index.php(67): CodeIgniter\CodeIgniter->run()
WARNING - 2023-04-30 04:25:20 --> [DEPRECATED] strtolower(): Passing null to parameter #1 ($string) of type string is deprecated in APPPATH\Controllers\restEmpleado.php on line 101.
 1 APPPATH\Controllers\restEmpleado.php(101): strtolower(null)
 2 APPPATH\Controllers\restEmpleado.php(33): App\Controllers\restEmpleado->tipoRegistro(null)
 3 SYSTEMPATH\CodeIgniter.php(934): App\Controllers\restEmpleado->register()
 4 SYSTEMPATH\CodeIgniter.php(499): CodeIgniter\CodeIgniter->runController(Object(App\Controllers\restEmpleado))
 5 SYSTEMPATH\CodeIgniter.php(368): CodeIgniter\CodeIgniter->handleRequest(null, Object(Config\Cache), false)
 6 FCPATH\index.php(67): CodeIgniter\CodeIgniter->run()
CRITICAL - 2023-04-30 04:26:34 --> Call to a member function format() on bool
in APPPATH\Controllers\restEmpleado.php on line 30.
 1 SYSTEMPATH\CodeIgniter.php(934): App\Controllers\restEmpleado->register()
 2 SYSTEMPATH\CodeIgniter.php(499): CodeIgniter\CodeIgniter->runController(Object(App\Controllers\restEmpleado))
 3 SYSTEMPATH\CodeIgniter.php(368): CodeIgniter\CodeIgniter->handleRequest(null, Object(Config\Cache), false)
 4 FCPATH\index.php(67): CodeIgniter\CodeIgniter->run()
